18.04.2009	21:21:40	progstart	XXXX	Start Programm
18.04.2009	21:21:42	progstart	7601	Schluessel in Sprachdatei nicht gefunden ### Key: 5300
18.04.2009	21:21:42	progstart	7603	Fehler bei Uebersetzung Fehlertext
18.04.2009	21:21:50	progstart	5060	Fehler NI PCI 6229, AO ### DAQmx Create Channel (AO-Voltage-Basic).vi:2<append>
<B>Gerät: </B>Dev0
<B>Name des physikalischen Kanals: </B>ao2

<B>Task-Name: </B>task-6229-AO (-200170)
18.04.2009	21:21:50	progstart	5001	Fehler Betrieb Datenerfassung
18.04.2009	21:21:52	progstart	XXXX	Ende Programm
18.04.2009	21:23:44	progstart	XXXX	Start Programm
18.04.2009	21:25:14	progstart	XXXX	Start Programm
18.04.2009	21:29:40	progstart	XXXX	Start Programm
18.04.2009	21:30:32	progstart	XXXX	Start Programm
18.04.2009	21:39:51	autologin	XXXX	Ende Programm
20.04.2009	12:43:28	progstart	XXXX	Start Programm
20.04.2009	12:43:32	autologin	6686	Fehler Eingänge Analog  ### CH 22  IST_31A1 (-0,01%)
20.04.2009	12:43:49	autologin	XXXX	Ende Programm
20.04.2009	12:44:33	progstart	XXXX	Start Programm
20.04.2009	12:44:37	autologin	6686	Fehler Eingänge Analog  ### CH 22  IST_31A1 (-0,01%)
20.04.2009	12:44:52	autologin	XXXX	Ende Programm
20.04.2009	12:46:05	progstart	XXXX	Start Programm
20.04.2009	12:46:10		6686	Fehler Eingänge Analog  ### CH 22  IST_31A1 (-0,01%)
20.04.2009	12:48:12		XXXX	Ende Programm
20.04.2009	14:31:45	progstart	XXXX	Start Programm
20.04.2009	14:31:49	autologin	6686	Fehler Eingänge Analog  ### CH 22  IST_31A1 (-24,40%)
20.04.2009	14:31:59	autologin	XXXX	Ende Programm
20.04.2009	14:32:04	progstart	XXXX	Start Programm
20.04.2009	14:32:08		6686	Fehler Eingänge Analog  ### CH 22  IST_31A1 (-0,01%)
20.04.2009	14:34:25		XXXX	Ende Programm
20.04.2009	14:34:32	progstart	XXXX	Start Programm
20.04.2009	14:34:36	autologin	6686	Fehler Eingänge Analog  ### CH 22  IST_31A1 (-0,01%)
20.04.2009	14:35:31	autologin	XXXX	Ende Programm
20.04.2009	14:39:13	progstart	XXXX	Start Programm
20.04.2009	14:40:46	autologin	XXXX	Ende Programm
20.04.2009	14:41:31	progstart	XXXX	Start Programm
20.04.2009	14:45:03	autologin	9059	Fehler Autozero, Offset zu groß ###  (8,96 hPa) 
20.04.2009	15:08:48	autologin	XXXX	Ende Programm
20.04.2009	15:19:20	progstart	XXXX	Start Programm
20.04.2009	18:11:32	autologin	XXXX	Ende Programm
21.04.2009	10:04:37	progstart	XXXX	Start Programm
21.04.2009	18:54:53	autologin	XXXX	Ende Programm
22.04.2009	13:44:48	progstart	XXXX	Start Programm
22.04.2009	17:17:15	autologin	XXXX	Ende Programm
27.04.2009	11:01:12	progstart	XXXX	Start Programm
27.04.2009	11:08:51	autologin	XXXX	Ende Programm
27.04.2009	14:21:24	progstart	XXXX	Start Programm
27.04.2009	17:24:17	autologin	XXXX	Ende Programm
27.04.2009	17:24:34	progstart	XXXX	Start Programm
27.04.2009	17:30:16	autologin	XXXX	Ende Programm
27.04.2009	17:34:02	progstart	XXXX	Start Programm
27.04.2009	18:02:24	autologin	XXXX	Ende Programm
28.04.2009	09:35:48	progstart	XXXX	Start Programm
28.04.2009	11:24:03	autologin	XXXX	Ende Programm
28.04.2009	14:40:35	progstart	XXXX	Start Programm
28.04.2009	15:07:50	autologin	XXXX	Ende Programm
29.04.2009	10:04:16	progstart	XXXX	Start Programm
29.04.2009	11:28:34	autologin	XXXX	Ende Programm
29.04.2009	11:31:40	progstart	XXXX	Start Programm
29.04.2009	11:55:24	autologin	XXXX	Ende Programm
29.04.2009	12:36:04	progstart	XXXX	Start Programm
29.04.2009	18:44:51	autologin	XXXX	Ende Programm
30.04.2009	08:28:00	progstart	XXXX	Start Programm
30.04.2009	17:00:30	autologin	XXXX	Ende Programm
04.05.2009	14:15:50	progstart	XXXX	Start Programm
04.05.2009	15:53:32	autologin	XXXX	Ende Programm
04.05.2009	15:59:57	progstart	XXXX	Start Programm
04.05.2009	17:48:49	autologin	XXXX	Ende Programm
05.05.2009	08:42:27	progstart	XXXX	Start Programm
05.05.2009	16:03:15	autologin	XXXX	Ende Programm
05.05.2009	16:10:22	progstart	XXXX	Start Programm
05.05.2009	16:16:14	autologin	XXXX	Ende Programm
06.05.2009	14:33:06	progstart	XXXX	Start Programm
06.05.2009	16:30:58	autologin	XXXX	Ende Programm
06.05.2009	16:31:39	progstart	XXXX	Start Programm
06.05.2009	16:31:48	autologin	XXXX	Ende Programm
06.05.2009	16:31:52	progstart	XXXX	Start Programm
06.05.2009	16:32:04	autologin	XXXX	Ende Programm
06.05.2009	16:32:10	progstart	XXXX	Start Programm
06.05.2009	16:34:10	progstart	XXXX	Start Programm
06.05.2009	18:20:30	autologin	XXXX	Ende Programm
06.05.2009	18:20:40	progstart	XXXX	Start Programm
06.05.2009	18:27:38	Administrator	9059	Fehler Autozero, Offset zu groß ###  (1,09 hPa) 
06.05.2009	18:33:20	Administrator	XXXX	Ende Programm
06.05.2009	18:55:01	progstart	XXXX	Start Programm
06.05.2009	18:57:36	Administrator	XXXX	Ende Programm
06.05.2009	18:57:44	progstart	XXXX	Start Programm
06.05.2009	19:14:26	Einrichter	XXXX	Ende Programm
07.05.2009	10:39:29	progstart	XXXX	Start Programm
07.05.2009	10:41:28	autologin	XXXX	Ende Programm
07.05.2009	13:45:04	progstart	XXXX	Start Programm
07.05.2009	18:03:29	autologin	XXXX	Ende Programm
07.05.2009	18:03:43	progstart	XXXX	Start Programm
07.05.2009	18:04:33	autologin	XXXX	Ende Programm
08.05.2009	12:58:51	progstart	XXXX	Start Programm
08.05.2009	12:59:13	autologin	XXXX	Ende Programm
08.05.2009	12:59:16	progstart	XXXX	Start Programm
11.05.2009	15:06:42	progstart	XXXX	Start Programm
11.05.2009	17:57:44	autologin	XXXX	Ende Programm
12.05.2009	16:46:16	progstart	XXXX	Start Programm
12.05.2009	17:19:21	autologin	XXXX	Ende Programm
13.05.2009	08:44:46	progstart	XXXX	Start Programm
13.05.2009	12:46:03	autologin	XXXX	Ende Programm
18.05.2009	15:47:59	progstart	XXXX	Start Programm
18.05.2009	15:50:54	autologin	XXXX	Ende Programm
18.05.2009	15:54:23	progstart	XXXX	Start Programm
18.05.2009	17:35:14	autologin	XXXX	Ende Programm
19.05.2009	13:27:15	progstart	XXXX	Start Programm
19.05.2009	17:25:22	autologin	XXXX	Ende Programm
19.05.2009	17:26:38	progstart	XXXX	Start Programm
19.05.2009	18:10:32	autologin	XXXX	Ende Programm
20.05.2009	08:29:59	progstart	XXXX	Start Programm
20.05.2009	16:25:33	autologin	XXXX	Ende Programm
03.06.2009	16:13:12	progstart	XXXX	Start Programm
04.06.2009	15:05:12	progstart	XXXX	Start Programm
04.06.2009	15:25:17	autologin	XXXX	Ende Programm
08.06.2009	16:42:16	progstart	XXXX	Start Programm
08.06.2009	16:54:05	autologin	XXXX	Ende Programm
08.06.2009	16:58:22	progstart	XXXX	Start Programm
08.06.2009	17:04:44	autologin	XXXX	Ende Programm
08.06.2009	17:04:48	progstart	XXXX	Start Programm
08.06.2009	18:02:30	autologin	XXXX	Ende Programm
17.06.2009	09:55:26	progstart	XXXX	Start Programm
17.06.2009	09:55:50	autologin	XXXX	Ende Programm

18.06.2009	13:35:08	progstart	XXXX	Start Programm
18.06.2009	13:35:10	progstart	5060	Fehler NI PCI 6229, AO ### DAQmx Reset Device.vi:13<append>
<B>Angegebenes Gerät: </B>P5507 (-200220)
18.06.2009	13:35:10	progstart	5000	Fehler Initialisierung Datenerfassung
18.06.2009	13:35:11	progstart	6695	Fehler ArrayGroesse ungleich
18.06.2009	13:35:11	progstart	5001	Fehler Betrieb Datenerfassung
18.06.2009	13:35:11	progstart	6696	Skalierung AO-Vipa: Fehler Array-Groesse ungleich
18.06.2009	13:35:13	progstart	XXXX	Ende Programm
18.06.2009	13:36:45	progstart	XXXX	Start Programm
18.06.2009	14:13:21	autologin	XXXX	Ende Programm
18.06.2009	14:13:27	progstart	XXXX	Start Programm
18.06.2009	15:32:42	autologin	5061	Fehler NI PCI 6229, AI ### DAQmx Read (Analog 2D DBL NChan NSamp).vi:3<append>
<B>Eigenschaft: </B>RelativZu
<B>Zugehöriger Wert: </B>Aktuelle Leseposition

<B>Eigenschaft: </B>Offset
<B>Zugehöriger Wert: </B>


<B>Task-Name: </B>task-6229-AI (-200279)
18.06.2009	15:32:42	autologin	5001	Fehler Betrieb Datenerfassung
18.06.2009	15:32:43	autologin	6696	Skalierung AO-Vipa: Fehler Array-Groesse ungleich
18.06.2009	15:32:43	autologin	6071	Expansion: Parameter ist null !
18.06.2009	15:33:03	autologin	6071	Expansion: Parameter ist null !
18.06.2009	15:33:41	autologin	XXXX	Ende Programm
18.06.2009	15:34:01	progstart	XXXX	Start Programm
18.06.2009	15:40:58	autologin	5061	Fehler NI PCI 6229, AI ### DAQmx Read (Analog 2D DBL NChan NSamp).vi:3<append>
<B>Eigenschaft: </B>RelativZu
<B>Zugehöriger Wert: </B>Aktuelle Leseposition

<B>Eigenschaft: </B>Offset
<B>Zugehöriger Wert: </B>


<B>Task-Name: </B>task-6229-AI (-200279)
18.06.2009	15:40:58	autologin	5001	Fehler Betrieb Datenerfassung
18.06.2009	15:40:58	autologin	6696	Skalierung AO-Vipa: Fehler Array-Groesse ungleich
18.06.2009	15:40:58	autologin	6071	Expansion: Parameter ist null !
18.06.2009	15:42:22	autologin	6071	Expansion: Parameter ist null !
18.06.2009	15:42:25	autologin	XXXX	Ende Programm
18.06.2009	15:42:29	progstart	XXXX	Start Programm
18.06.2009	15:43:03	autologin	XXXX	Ende Programm
18.06.2009	15:43:10	progstart	XXXX	Start Programm
18.06.2009	15:43:33	autologin	XXXX	Ende Programm
18.06.2009	15:43:40	progstart	XXXX	Start Programm
18.06.2009	15:46:10	autologin	5061	Fehler NI PCI 6229, AI ### DAQmx Read (Analog 2D DBL NChan NSamp).vi:3<append>
<B>Eigenschaft: </B>RelativZu
<B>Zugehöriger Wert: </B>Aktuelle Leseposition

<B>Eigenschaft: </B>Offset
<B>Zugehöriger Wert: </B>


<B>Task-Name: </B>task-6229-AI (-200279)
18.06.2009	15:46:10	autologin	5001	Fehler Betrieb Datenerfassung
18.06.2009	15:46:10	autologin	6696	Skalierung AO-Vipa: Fehler Array-Groesse ungleich
18.06.2009	15:46:11	autologin	6071	Expansion: Parameter ist null !
18.06.2009	15:46:39	autologin	6071	Expansion: Parameter ist null !
18.06.2009	15:47:14	autologin	XXXX	Ende Programm
18.06.2009	15:47:19	progstart	XXXX	Start Programm
18.06.2009	17:10:26	autologin	XXXX	Ende Programm
19.06.2009	09:22:25	progstart	XXXX	Start Programm
19.06.2009	09:28:25	ep	XXXX	Ende Programm
19.06.2009	14:24:21	progstart	XXXX	Start Programm
19.06.2009	14:27:13	autologin	XXXX	Ende Programm
19.06.2009	14:46:10	progstart	XXXX	Start Programm
19.06.2009	16:07:22	autologin	XXXX	Ende Programm
19.06.2009	16:08:56	progstart	XXXX	Start Programm
19.06.2009	16:58:23	Administrator	XXXX	Ende Programm
19.06.2009	16:58:54	progstart	XXXX	Start Programm
19.06.2009	17:04:34	autologin	XXXX	Ende Programm
22.06.2009	15:20:49	progstart	XXXX	Start Programm
22.06.2009	15:41:05	autologin	XXXX	Ende Programm
02.07.2009	12:23:40	progstart	XXXX	Start Programm
02.07.2009	15:11:33	autologin	5061	Fehler NI PCI 6229, AI ### DAQmx Read (Analog 2D DBL NChan NSamp).vi:3<append>
<B>Eigenschaft: </B>RelativZu
<B>Zugehöriger Wert: </B>Aktuelle Leseposition

<B>Eigenschaft: </B>Offset
<B>Zugehöriger Wert: </B>


<B>Task-Name: </B>task-6229-AI (-200279)
02.07.2009	15:11:33	autologin	5001	Fehler Betrieb Datenerfassung
02.07.2009	15:11:33	autologin	6696	Skalierung AO-Vipa: Fehler Array-Groesse ungleich
02.07.2009	15:11:33	autologin	6071	Expansion: Parameter ist null !
02.07.2009	15:27:24	autologin	6071	Expansion: Parameter ist null !
02.07.2009	15:27:39	autologin	XXXX	Ende Programm
02.07.2009	15:27:42	progstart	XXXX	Start Programm
02.07.2009	17:02:54	autologin	XXXX	Ende Programm
06.07.2009	09:30:51	progstart	XXXX	Start Programm
06.07.2009	09:35:40	autologin	XXXX	Ende Programm
06.07.2009	10:16:44	progstart	XXXX	Start Programm
06.07.2009	10:16:51	progstart	XXXX	Ende Programm
06.07.2009	10:17:08	progstart	XXXX	Start Programm
06.07.2009	10:17:13	progstart	XXXX	Ende Programm
06.07.2009	10:19:20	progstart	XXXX	Start Programm
06.07.2009	10:19:28	progstart	XXXX	Ende Programm
06.07.2009	10:19:34	progstart	XXXX	Start Programm
06.07.2009	10:19:39	progstart	XXXX	Ende Programm
06.07.2009	10:20:00	progstart	XXXX	Start Programm
06.07.2009	10:20:19	progstart	XXXX	Ende Programm
06.07.2009	10:21:12	progstart	XXXX	Start Programm
06.07.2009	10:21:17	progstart	XXXX	Ende Programm
06.07.2009	10:21:48	progstart	XXXX	Start Programm
06.07.2009	10:21:53	progstart	XXXX	Ende Programm
06.07.2009	10:26:34	progstart	XXXX	Start Programm
06.07.2009	10:26:40	progstart	XXXX	Ende Programm
06.07.2009	10:49:37	progstart	XXXX	Start Programm
06.07.2009	10:49:54	progstart	XXXX	Ende Programm
08.07.2009	13:43:30	progstart	XXXX	Start Programm
08.07.2009	14:20:01	autologin	5061	Fehler NI PCI 6229, AI ### DAQmx Read (Analog 2D DBL NChan NSamp).vi:3<append>
<B>Eigenschaft: </B>RelativZu
<B>Zugehöriger Wert: </B>Aktuelle Leseposition

<B>Eigenschaft: </B>Offset
<B>Zugehöriger Wert: </B>


<B>Task-Name: </B>task-6229-AI (-200279)
08.07.2009	14:20:01	autologin	5001	Fehler Betrieb Datenerfassung
08.07.2009	14:20:01	autologin	6696	Skalierung AO-Vipa: Fehler Array-Groesse ungleich
08.07.2009	14:20:01	autologin	6071	Expansion: Parameter ist null !
08.07.2009	14:20:36	autologin	6071	Expansion: Parameter ist null !
08.07.2009	14:22:04	autologin	XXXX	Ende Programm
08.07.2009	14:22:08	progstart	XXXX	Start Programm
08.07.2009	14:52:47	autologin	XXXX	Ende Programm
08.07.2009	20:12:32	progstart	XXXX	Start Programm
08.07.2009	20:13:04	autologin	XXXX	Ende Programm
10.07.2009	15:12:36	progstart	XXXX	Start Programm
10.07.2009	15:22:03	autologin	XXXX	Ende Programm
10.07.2009	15:27:09	progstart	XXXX	Start Programm
14.07.2009	10:54:40	autologin	XXXX	Ende Programm
14.07.2009	13:03:00	progstart	XXXX	Start Programm
14.07.2009	16:12:24	autologin	XXXX	Ende Programm
14.07.2009	16:12:38	progstart	XXXX	Start Programm
14.07.2009	16:14:08	progstart	XXXX	Ende Programm
14.07.2009	16:14:13	progstart	XXXX	Start Programm
14.07.2009	16:14:18	progstart	XXXX	Ende Programm
14.07.2009	16:20:56	progstart	XXXX	Start Programm
14.07.2009	16:21:01	progstart	XXXX	Ende Programm
14.07.2009	16:22:46	progstart	XXXX	Start Programm
14.07.2009	16:22:55	progstart	XXXX	Ende Programm
14.07.2009	16:26:29	progstart	XXXX	Start Programm
14.07.2009	16:26:35	progstart	XXXX	Ende Programm
14.07.2009	16:40:41	progstart	XXXX	Start Programm
14.07.2009	16:41:35	autologin	XXXX	Ende Programm
14.07.2009	18:38:53	progstart	XXXX	Start Programm
14.07.2009	18:39:00	progstart	XXXX	Ende Programm
14.07.2009	18:41:11	progstart	XXXX	Start Programm
14.07.2009	18:41:17	progstart	XXXX	Ende Programm
14.07.2009	18:42:07	progstart	XXXX	Start Programm
14.07.2009	18:42:12	progstart	XXXX	Ende Programm
14.07.2009	18:42:50	progstart	XXXX	Start Programm
14.07.2009	18:42:55	progstart	XXXX	Ende Programm
14.07.2009	18:43:38	progstart	XXXX	Start Programm
14.07.2009	18:43:43	progstart	XXXX	Ende Programm
14.07.2009	18:45:48	progstart	XXXX	Start Programm
14.07.2009	18:45:53	progstart	XXXX	Ende Programm
14.07.2009	18:46:36	progstart	XXXX	Start Programm
14.07.2009	18:46:41	progstart	XXXX	Ende Programm
14.07.2009	18:48:09	progstart	XXXX	Start Programm
14.07.2009	18:48:14	progstart	XXXX	Ende Programm
14.07.2009	18:49:35	progstart	XXXX	Start Programm
14.07.2009	18:49:39	progstart	XXXX	Ende Programm
14.07.2009	18:57:58	progstart	XXXX	Start Programm
14.07.2009	18:58:02	progstart	XXXX	Ende Programm
14.07.2009	18:59:24	progstart	XXXX	Start Programm
14.07.2009	18:59:30	progstart	XXXX	Ende Programm
14.07.2009	18:59:45	progstart	XXXX	Start Programm
14.07.2009	18:59:50	progstart	XXXX	Ende Programm
14.07.2009	19:01:21	progstart	XXXX	Start Programm
14.07.2009	19:01:26	progstart	XXXX	Ende Programm
15.07.2009	10:16:58	progstart	XXXX	Start Programm
15.07.2009	10:17:04	progstart	XXXX	Ende Programm
15.07.2009	10:42:13	progstart	XXXX	Start Programm
15.07.2009	11:37:42	autologin	XXXX	Ende Programm
17.07.2009	13:10:14	progstart	XXXX	Start Programm
17.07.2009	13:37:06	autologin	XXXX	Ende Programm
20.07.2009	09:48:42	progstart	XXXX	Start Programm
20.07.2009	09:48:43	progstart	XXXX	Erstelle neue Regler.dat.
20.07.2009	09:49:03	progstart	XXXX	- Fehler Konfiguration lesen -	Datei:Regler.DAT	Section:Regler_4	Key:Offset_Nachfüllen_kg/h
20.07.2009	09:50:44	progstart	XXXX	- Fehler Konfiguration lesen -	Datei:Regler.DAT	Section:Regler_4	Key:Faktor_Nachfüllen
20.07.2009	09:51:01	progstart	XXXX	- Fehler Konfiguration lesen -	Datei:Regler.DAT	Section:Regler_5	Key:Offset_Nachfüllen_kg/h
20.07.2009	09:51:11	progstart	XXXX	- Fehler Konfiguration lesen -	Datei:Regler.DAT	Section:Regler_5	Key:Faktor_Nachfüllen
20.07.2009	09:51:11	progstart	XXXX	- Fehler Konfiguration lesen -	Datei:Regler.DAT	Section:Regler_6	Key:Init
20.07.2009	09:51:27	progstart	XXXX	- Fehler Konfiguration lesen -	Datei:Regler.DAT	Section:Regler_7	Key:Anhalten L_limit
20.07.2009	09:51:48	progstart	XXXX	- Fehler Konfiguration lesen -	Datei:Regler.DAT	Section:Regler_7	Key:Anhalten H_limit
20.07.2009	09:51:57	progstart	XXXX	- Fehler Konfiguration lesen -	Datei:Regler.DAT	Section:Regler_7	Key:Stellwert < ?%
20.07.2009	09:52:19	progstart	XXXX	- Fehler Konfiguration lesen -	Datei:Regler.DAT	Section:Regler_7	Key:Stellwert > ?%
20.07.2009	09:52:21	progstart	XXXX	- Fehler Konfiguration lesen -	Datei:Regler.DAT	Section:Regler_8	Key:Init
20.07.2009	09:52:22	progstart	XXXX	- Fehler Konfiguration lesen -	Datei:Regler.DAT	Section:Regler_9	Key:Init
20.07.2009	09:52:24	progstart	XXXX	Neue Regler.dat erstellt.
20.07.2009	09:54:26	autologin	XXXX	Ende Programm
20.07.2009	10:06:57	progstart	XXXX	Start Programm
20.07.2009	10:08:52	autologin	XXXX	Ende Programm
20.07.2009	10:11:56	progstart	XXXX	Start Programm
20.07.2009	10:21:49	autologin	XXXX	Ende Programm
20.07.2009	10:21:55	progstart	XXXX	Start Programm
20.07.2009	10:38:41	autologin	XXXX	Ende Programm
20.07.2009	10:40:30	progstart	XXXX	Start Programm
20.07.2009	10:42:05	autologin	XXXX	Ende Programm
20.07.2009	10:44:44	progstart	XXXX	Start Programm
20.07.2009	11:01:00	autologin	XXXX	Ende Programm
20.07.2009	11:01:23	progstart	XXXX	Start Programm
20.07.2009	11:46:47	autologin	XXXX	Ende Programm
20.07.2009	14:50:47	progstart	XXXX	Start Programm
20.07.2009	15:01:46	autologin	XXXX	Ende Programm
20.07.2009	15:03:43	progstart	XXXX	Start Programm
20.07.2009	15:25:30	autologin	XXXX	Ende Programm
20.07.2009	15:25:35	progstart	XXXX	Start Programm
20.07.2009	15:25:41	progstart	XXXX	Ende Programm
21.07.2009	08:59:48	progstart	XXXX	Start Programm
21.07.2009	09:00:26	progstart	XXXX	Ende Programm
21.07.2009	09:00:31	progstart	XXXX	Start Programm
21.07.2009	09:03:02	progstart	XXXX	Ende Programm
21.07.2009	14:55:51	progstart	XXXX	Start Programm
21.07.2009	14:55:58	progstart	XXXX	Ende Programm
30.07.2009	10:47:14	progstart	XXXX	Start Programm
30.07.2009	10:47:20	progstart	XXXX	Ende Programm
30.07.2009	11:11:04	progstart	XXXX	Start Programm
30.07.2009	18:33:06	autologin	XXXX	Ende Programm
31.07.2009	09:38:59	progstart	XXXX	Start Programm
31.07.2009	18:48:51	autologin	XXXX	Ende Programm
04.08.2009	09:15:44	progstart	XXXX	Start Programm
04.08.2009	17:40:22	autologin	XXXX	Ende Programm
05.08.2009	09:08:58	progstart	XXXX	Start Programm
05.08.2009	09:27:24	autologin	XXXX	Ende Programm
05.08.2009	10:22:11	progstart	XXXX	Start Programm
05.08.2009	19:13:32	autologin	XXXX	Ende Programm
06.08.2009	08:52:21	progstart	XXXX	Start Programm
06.08.2009	17:27:29	autologin	XXXX	Ende Programm
07.08.2009	08:48:43	progstart	XXXX	Start Programm
07.08.2009	11:31:45	autologin	XXXX	Ende Programm
07.08.2009	14:23:29	progstart	XXXX	Start Programm
07.08.2009	15:30:00	autologin	XXXX	Ende Programm
10.08.2009	10:28:49	progstart	XXXX	Start Programm
10.08.2009	17:59:46	autologin	XXXX	Ende Programm
12.08.2009	17:43:07	progstart	XXXX	Start Programm
12.08.2009	18:01:44	autologin	XXXX	Ende Programm
13.08.2009	09:30:25	progstart	XXXX	Start Programm
13.08.2009	10:48:33	autologin	XXXX	Ende Programm
02.09.2009	10:15:10	progstart	XXXX	Start Programm
02.09.2009	10:15:11	progstart	7801	Fehler Konfiguration lesen ### Key: I
02.09.2009	10:15:11	progstart	9999	ReglerDateiLesenSchreiben: Fehler beim Lesen
02.09.2009	10:15:11	progstart	6655	LFEDateiLesenSchreibenAlle: Fehler bei LFELesen
02.09.2009	10:15:11	progstart	9999	Fehler Regler Init (Application)
02.09.2009	10:15:21	progstart	XXXX	Ende Programm
02.09.2009	10:17:13	progstart	XXXX	Start Programm
02.09.2009	10:17:14	progstart	7801	Fehler Konfiguration lesen ### Key: I
02.09.2009	10:17:14	progstart	9999	ReglerDateiLesenSchreiben: Fehler beim Lesen
02.09.2009	10:17:14	progstart	6655	LFEDateiLesenSchreibenAlle: Fehler bei LFELesen
02.09.2009	10:17:14	progstart	9999	Fehler Regler Init (Application)
02.09.2009	10:17:17	progstart	XXXX	Ende Programm
02.09.2009	10:23:50	progstart	XXXX	Start Programm
02.09.2009	10:23:51	progstart	XXXX	Erstelle neue Regler.dat.
02.09.2009	10:24:04	progstart	XXXX	- Fehler Konfiguration lesen -	Datei:Regler.DAT	Section:Regler_2	Key:I
02.09.2009	10:24:07	progstart	XXXX	- Fehler Konfiguration lesen -	Datei:Regler.DAT	Section:Regler_2	Key:Fangbereich_K
02.09.2009	10:24:08	progstart	XXXX	- Fehler Konfiguration lesen -	Datei:Regler.DAT	Section:Regler_2	Key:Hysterese_K
02.09.2009	10:24:10	progstart	XXXX	- Fehler Konfiguration lesen -	Datei:Regler.DAT	Section:Regler_3	Key:I
02.09.2009	10:24:11	progstart	XXXX	- Fehler Konfiguration lesen -	Datei:Regler.DAT	Section:Regler_3	Key:Fangbereich_K
02.09.2009	10:24:11	progstart	XXXX	- Fehler Konfiguration lesen -	Datei:Regler.DAT	Section:Regler_3	Key:Hysterese_K
02.09.2009	10:24:12	progstart	XXXX	Neue Regler.dat erstellt.
02.09.2009	10:34:43		XXXX	Ende Programm
02.09.2009	10:34:46	progstart	XXXX	Start Programm
02.09.2009	10:36:16		XXXX	Ende Programm
02.09.2009	10:36:19	progstart	XXXX	Start Programm
02.09.2009	10:40:28	autologin	XXXX	Ende Programm
02.09.2009	10:53:29	progstart	XXXX	Start Programm
02.09.2009	10:56:43	Administrator	XXXX	Ende Programm
02.09.2009	11:20:39	progstart	XXXX	Start Programm
02.09.2009	11:25:04	Administrator	XXXX	Ende Programm
02.09.2009	11:36:58	progstart	XXXX	Start Programm
02.09.2009	12:00:34	Administrator	XXXX	Ende Programm
02.09.2009	12:37:41	progstart	XXXX	Start Programm
02.09.2009	17:09:25	autologin	XXXX	Ende Programm
04.09.2009	08:38:46	progstart	XXXX	Start Programm
04.09.2009	13:41:07	Administrator	XXXX	Ende Programm
04.09.2009	13:41:11	progstart	XXXX	Start Programm
04.09.2009	17:44:14	Administrator	XXXX	Ende Programm
11.09.2009	14:24:26	progstart	XXXX	Start Programm
11.09.2009	15:18:38	autologin	XXXX	Ende Programm
16.09.2009	11:05:49	progstart	XXXX	Start Programm
16.09.2009	17:10:18	autologin	XXXX	Ende Programm
16.09.2009	17:22:22	progstart	XXXX	Start Programm
16.09.2009	17:22:23	progstart	XXXX	Erstelle neue Regler.dat.
16.09.2009	17:22:33	progstart	XXXX	- Fehler Konfiguration lesen -	Datei:Regler.DAT	Section:Regler_4	Key:Wartezeit_Nachfüllen
16.09.2009	17:22:36	progstart	XXXX	- Fehler Konfiguration lesen -	Datei:Regler.DAT	Section:Regler_5	Key:Wartezeit_Nachfüllen
16.09.2009	17:22:37	progstart	XXXX	- Fehler Konfiguration lesen -	Datei:Regler.DAT	Section:Regler_7	Key:Klappe_Auto
16.09.2009	17:22:39	progstart	XXXX	Neue Regler.dat erstellt.
16.09.2009	17:34:28	autologin	XXXX	Ende Programm
17.09.2009	09:46:37	progstart	XXXX	Start Programm
17.09.2009	18:21:24	autologin	XXXX	Ende Programm
18.09.2009	17:31:09	progstart	XXXX	Start Programm
18.09.2009	17:31:38	autologin	XXXX	Ende Programm
18.09.2009	17:31:40	progstart	XXXX	Start Programm
18.09.2009	17:37:23	autologin	XXXX	Ende Programm
22.09.2009	13:45:50	progstart	XXXX	Start Programm
22.09.2009	18:50:15	autologin	XXXX	Ende Programm
22.09.2009	18:50:28	progstart	XXXX	Start Programm
22.09.2009	18:54:14	autologin	XXXX	Ende Programm
23.09.2009	09:34:34	progstart	XXXX	Start Programm
23.09.2009	10:29:12	Administrator	XXXX	Ende Programm
23.09.2009	10:33:27	progstart	XXXX	Start Programm
23.09.2009	10:39:28	Administrator	XXXX	Ende Programm
23.09.2009	11:51:22	progstart	XXXX	Start Programm
23.09.2009	16:03:18	autologin	XXXX	Ende Programm
23.09.2009	16:03:21	progstart	XXXX	Start Programm
23.09.2009	16:59:13	Administrator	XXXX	Ende Programm
24.09.2009	10:29:28	progstart	XXXX	Start Programm
24.09.2009	10:34:03	Administrator	XXXX	Ende Programm
24.09.2009	10:34:52	progstart	XXXX	Start Programm
24.09.2009	17:49:22	Administrator	XXXX	Ende Programm
25.09.2009	09:34:33	progstart	XXXX	Start Programm
25.09.2009	13:59:18	Administrator	XXXX	Ende Programm
28.09.2009	11:11:13	progstart	XXXX	Start Programm
28.09.2009	11:19:59	autologin	XXXX	Ende Programm
28.09.2009	17:06:22	progstart	XXXX	Start Programm
28.09.2009	17:07:55	autologin	XXXX	Ende Programm
07.10.2009	14:15:35	progstart	XXXX	Start Programm
07.10.2009	14:30:11	autologin	XXXX	Ende Programm
07.10.2009	18:57:04	progstart	XXXX	Start Programm
07.10.2009	19:32:14	Administrator	XXXX	Ende Programm
08.10.2009	14:22:29	progstart	XXXX	Start Programm
08.10.2009	16:00:44	autologin	XXXX	Ende Programm
12.10.2009	15:12:05	progstart	XXXX	Start Programm
12.10.2009	16:31:54	autologin	XXXX	Ende Programm
15.10.2009	11:02:23	progstart	XXXX	Start Programm
15.10.2009	11:02:38	autologin	XXXX	Ende Programm
15.10.2009	11:02:43	progstart	XXXX	Start Programm
15.10.2009	11:48:15	Administrator	XXXX	Ende Programm
15.10.2009	13:46:25	progstart	XXXX	Start Programm
15.10.2009	17:53:07	autologin	XXXX	Ende Programm
16.10.2009	09:13:47	progstart	XXXX	Start Programm
16.10.2009	17:40:38	progstart	XXXX	Start Programm
16.10.2009	17:42:03	autologin	XXXX	Ende Programm
16.10.2009	17:42:09	progstart	XXXX	Start Programm
16.10.2009	17:42:45	autologin	XXXX	Ende Programm
16.10.2009	17:42:47	progstart	XXXX	Start Programm
16.10.2009	18:27:08	autologin	XXXX	Ende Programm
19.10.2009	09:24:27	progstart	XXXX	Start Programm
19.10.2009	15:52:23	autologin	XXXX	Ende Programm
20.10.2009	16:22:30	progstart	XXXX	Start Programm
20.10.2009	18:58:21	autologin	XXXX	Ende Programm
22.10.2009	17:34:47	progstart	XXXX	Start Programm
22.10.2009	17:34:59		XXXX	Ende Programm
22.10.2009	17:35:01	progstart	XXXX	Start Programm
22.10.2009	18:43:16	autologin	XXXX	Ende Programm
23.10.2009	10:29:31	progstart	XXXX	Start Programm
23.10.2009	11:41:12	autologin	XXXX	Ende Programm
26.10.2009	17:24:28	progstart	XXXX	Start Programm
26.10.2009	18:02:00	autologin	XXXX	Ende Programm
27.10.2009	11:02:36	progstart	XXXX	Start Programm
27.10.2009	13:57:20	progstart	XXXX	Start Programm
27.10.2009	18:07:50	autologin	XXXX	Ende Programm
28.10.2009	10:24:24	progstart	XXXX	Start Programm
28.10.2009	19:56:50	autologin	XXXX	Ende Programm
29.10.2009	11:28:42	progstart	XXXX	Start Programm
29.10.2009	17:43:15	autologin	XXXX	Ende Programm
29.10.2009	17:43:20	progstart	XXXX	Start Programm
29.10.2009	17:43:51	autologin	XXXX	Ende Programm
29.10.2009	17:45:47	progstart	XXXX	Start Programm
29.10.2009	19:18:10	autologin	XXXX	Ende Programm
30.10.2009	10:10:07	progstart	XXXX	Start Programm
30.10.2009	13:51:28	autologin	XXXX	Ende Programm
03.11.2009	08:00:42	progstart	XXXX	Start Programm
03.11.2009	17:30:08	autologin	XXXX	Ende Programm
04.11.2009	09:33:08	progstart	XXXX	Start Programm
04.11.2009	18:00:59	autologin	XXXX	Ende Programm
05.11.2009	09:18:30	progstart	XXXX	Start Programm
05.11.2009	11:08:21	autologin	XXXX	Ende Programm
10.11.2009	15:09:40	progstart	XXXX	Start Programm
10.11.2009	18:59:32	Administrator	XXXX	Ende Programm
11.11.2009	09:52:57	progstart	XXXX	Start Programm
11.11.2009	11:04:29	Administrator	XXXX	Ende Programm
11.11.2009	11:08:42	progstart	XXXX	Start Programm
11.11.2009	18:27:59	Administrator	XXXX	Ende Programm
12.11.2009	10:35:52	progstart	XXXX	Start Programm
12.11.2009	20:04:17	Administrator	XXXX	Ende Programm
17.11.2009	11:56:45	progstart	XXXX	Start Programm
17.11.2009	16:22:20	Administrator	XXXX	Ende Programm
17.11.2009	16:22:23	progstart	XXXX	Start Programm
17.11.2009	19:34:05	Administrator	XXXX	Ende Programm
18.11.2009	09:27:16	progstart	XXXX	Start Programm
18.11.2009	09:39:42	Administrator	XXXX	Ende Programm
18.11.2009	09:39:45	progstart	XXXX	Start Programm
18.11.2009	09:56:26	Administrator	XXXX	Ende Programm
18.11.2009	09:56:29	progstart	XXXX	Start Programm
18.11.2009	09:58:32	autologin	XXXX	Ende Programm
18.11.2009	09:59:43	progstart	XXXX	Start Programm
18.11.2009	10:16:45	Administrator	XXXX	Ende Programm
18.11.2009	10:16:52	progstart	XXXX	Start Programm
18.11.2009	10:25:55	Administrator	XXXX	Ende Programm
18.11.2009	10:25:58	progstart	XXXX	Start Programm
18.11.2009	10:35:19	autologin	XXXX	Ende Programm
18.11.2009	10:35:22	progstart	XXXX	Start Programm
18.11.2009	10:47:22	autologin	XXXX	Ende Programm
18.11.2009	15:11:57	progstart	XXXX	Start Programm
18.11.2009	15:21:26	autologin	XXXX	Ende Programm
18.11.2009	15:21:29	progstart	XXXX	Start Programm
18.11.2009	16:04:16	autologin	XXXX	Ende Programm
19.11.2009	10:55:34	progstart	XXXX	Start Programm
19.11.2009	11:06:56	autologin	XXXX	Ende Programm
19.11.2009	11:06:58	progstart	XXXX	Start Programm
19.11.2009	11:24:12	autologin	XXXX	Ende Programm
19.11.2009	11:24:14	progstart	XXXX	Start Programm
19.11.2009	12:46:08	autologin	XXXX	Ende Programm
19.11.2009	12:46:13	progstart	XXXX	Start Programm
19.11.2009	14:28:16	autologin	XXXX	Ende Programm
19.11.2009	14:28:19	progstart	XXXX	Start Programm
19.11.2009	14:32:25	autologin	XXXX	Ende Programm
19.11.2009	14:32:28	progstart	XXXX	Start Programm
19.11.2009	14:34:31	autologin	XXXX	Ende Programm
19.11.2009	14:34:34	progstart	XXXX	Start Programm
19.11.2009	14:38:40	autologin	XXXX	Ende Programm
19.11.2009	14:38:42	progstart	XXXX	Start Programm
19.11.2009	16:24:57	autologin	XXXX	Ende Programm
19.11.2009	16:25:45	progstart	XXXX	Start Programm
19.11.2009	16:27:07	autologin	XXXX	Ende Programm
19.11.2009	16:27:09	progstart	XXXX	Start Programm
19.11.2009	16:32:59	autologin	XXXX	Ende Programm
19.11.2009	16:33:01	progstart	XXXX	Start Programm
19.11.2009	16:35:43	autologin	XXXX	Ende Programm
19.11.2009	16:35:45	progstart	XXXX	Start Programm
19.11.2009	16:41:59	autologin	XXXX	Ende Programm
19.11.2009	16:42:17	progstart	XXXX	Start Programm
19.11.2009	17:08:24	autologin	XXXX	Ende Programm
19.11.2009	17:08:26	progstart	XXXX	Start Programm
19.11.2009	17:21:17	autologin	XXXX	Ende Programm
19.11.2009	17:21:20	progstart	XXXX	Start Programm
19.11.2009	17:24:30	autologin	XXXX	Ende Programm
19.11.2009	17:24:50	progstart	XXXX	Start Programm
19.11.2009	17:26:36	autologin	XXXX	Ende Programm
19.11.2009	17:27:29	progstart	XXXX	Start Programm
19.11.2009	17:28:34	autologin	XXXX	Ende Programm
19.11.2009	17:28:38	progstart	XXXX	Start Programm
19.11.2009	18:30:42	autologin	XXXX	Ende Programm
19.11.2009	18:30:45	progstart	XXXX	Start Programm
19.11.2009	19:34:38	autologin	XXXX	Ende Programm
20.11.2009	09:33:25	progstart	XXXX	Start Programm
20.11.2009	09:41:09	autologin	XXXX	Ende Programm
20.11.2009	09:41:12	progstart	XXXX	Start Programm
20.11.2009	10:37:04	autologin	XXXX	Ende Programm
20.11.2009	10:37:06	progstart	XXXX	Start Programm
20.11.2009	12:04:33	autologin	XXXX	Ende Programm
20.11.2009	12:48:05	progstart	XXXX	Start Programm
20.11.2009	15:04:22	autologin	XXXX	Ende Programm
20.11.2009	15:04:24	progstart	XXXX	Start Programm
20.11.2009	15:24:19	autologin	XXXX	Ende Programm
20.11.2009	15:24:20	progstart	XXXX	Start Programm
20.11.2009	17:38:34	autologin	XXXX	Ende Programm
23.11.2009	10:46:36	progstart	XXXX	Start Programm
23.11.2009	18:26:14	autologin	XXXX	Ende Programm
23.11.2009	18:26:17	progstart	XXXX	Start Programm
23.11.2009	18:53:28	autologin	XXXX	Ende Programm
24.11.2009	09:43:49	progstart	XXXX	Start Programm
24.11.2009	09:47:49	autologin	XXXX	Ende Programm
24.11.2009	09:50:25	progstart	XXXX	Start Programm
24.11.2009	17:06:55	autologin	XXXX	Ende Programm
25.11.2009	12:55:30	progstart	XXXX	Start Programm
25.11.2009	13:03:33	autologin	XXXX	Ende Programm
25.11.2009	13:03:35	progstart	XXXX	Start Programm
25.11.2009	18:26:13	autologin	XXXX	Ende Programm
26.11.2009	08:53:02	progstart	XXXX	Start Programm
26.11.2009	18:31:09	autologin	XXXX	Ende Programm
27.11.2009	11:04:04	progstart	XXXX	Start Programm
27.11.2009	11:58:49	autologin	XXXX	Ende Programm
27.11.2009	11:58:51	progstart	XXXX	Start Programm
27.11.2009	13:45:57	autologin	XXXX	Ende Programm
30.11.2009	19:11:04	progstart	XXXX	Start Programm
30.11.2009	19:23:30	autologin	XXXX	Ende Programm
01.12.2009	10:40:05	progstart	XXXX	Start Programm
01.12.2009	13:43:12	Administrator	XXXX	Ende Programm
01.12.2009	13:43:14	progstart	XXXX	Start Programm
01.12.2009	19:41:33	Administrator	XXXX	Ende Programm
02.12.2009	08:34:59	progstart	XXXX	Start Programm
02.12.2009	19:02:22	Administrator	XXXX	Ende Programm
03.12.2009	11:20:56	progstart	XXXX	Start Programm
03.12.2009	16:49:24	Administrator	XXXX	Ende Programm
03.12.2009	16:49:26	progstart	XXXX	Start Programm
03.12.2009	20:37:12	Administrator	XXXX	Ende Programm
04.12.2009	11:20:34	progstart	XXXX	Start Programm
04.12.2009	11:29:22	Administrator	XXXX	Ende Programm
07.12.2009	14:22:26	progstart	XXXX	Start Programm
07.12.2009	18:05:06	Administrator	XXXX	Ende Programm
07.12.2009	18:05:09	progstart	XXXX	Start Programm
07.12.2009	19:22:59	Administrator	XXXX	Ende Programm
08.12.2009	13:50:24	progstart	XXXX	Start Programm
08.12.2009	15:36:34	Administrator	XXXX	Ende Programm
08.12.2009	15:36:37	progstart	XXXX	Start Programm
08.12.2009	17:09:00	Administrator	XXXX	Ende Programm
09.12.2009	08:13:06	progstart	XXXX	Start Programm
09.12.2009	19:18:06	autologin	XXXX	Ende Programm
10.12.2009	07:35:49	progstart	XXXX	Start Programm
10.12.2009	07:45:30	autologin	XXXX	Ende Programm
10.12.2009	07:45:33	progstart	XXXX	Start Programm
10.12.2009	07:47:38	autologin	XXXX	Ende Programm
10.12.2009	07:47:42	progstart	XXXX	Start Programm
10.12.2009	13:24:13	autologin	XXXX	Ende Programm
10.12.2009	14:19:35	progstart	XXXX	Start Programm
10.12.2009	15:34:58	autologin	XXXX	Ende Programm
10.12.2009	15:35:00	progstart	XXXX	Start Programm
10.12.2009	16:23:26	autologin	XXXX	Ende Programm
10.12.2009	16:23:29	progstart	XXXX	Start Programm
10.12.2009	16:47:41	autologin	XXXX	Ende Programm
10.12.2009	16:47:44	progstart	XXXX	Start Programm
10.12.2009	18:54:41	autologin	XXXX	Ende Programm
11.12.2009	10:47:48	progstart	XXXX	Start Programm
11.12.2009	15:13:11	autologin	XXXX	Ende Programm
11.12.2009	15:13:14	progstart	XXXX	Start Programm
11.12.2009	15:17:19	autologin	XXXX	Ende Programm
11.12.2009	15:17:21	progstart	XXXX	Start Programm
11.12.2009	15:18:24	autologin	XXXX	Ende Programm
11.12.2009	15:18:34	progstart	XXXX	Start Programm
11.12.2009	19:09:43	autologin	XXXX	Ende Programm
14.12.2009	10:08:18	progstart	XXXX	Start Programm
14.12.2009	10:44:23	autologin	XXXX	Ende Programm
14.12.2009	10:44:27	progstart	XXXX	Start Programm
14.12.2009	10:57:43	autologin	XXXX	Ende Programm
14.12.2009	12:10:24	progstart	XXXX	Start Programm
14.12.2009	12:33:57	autologin	XXXX	Ende Programm
14.12.2009	13:16:21	progstart	XXXX	Start Programm
14.12.2009	14:08:24	autologin	XXXX	Ende Programm
14.12.2009	14:08:30	progstart	XXXX	Start Programm
14.12.2009	14:36:29	autologin	XXXX	Ende Programm
14.12.2009	14:36:32	progstart	XXXX	Start Programm
14.12.2009	15:20:53	autologin	XXXX	Ende Programm
14.12.2009	15:20:56	progstart	XXXX	Start Programm
14.12.2009	15:33:13	autologin	XXXX	Ende Programm
14.12.2009	15:33:17	progstart	XXXX	Start Programm
14.12.2009	16:27:59	autologin	XXXX	Ende Programm
14.12.2009	16:29:08	progstart	XXXX	Start Programm
14.12.2009	16:39:24	autologin	XXXX	Ende Programm
14.12.2009	16:39:27	progstart	XXXX	Start Programm
14.12.2009	18:36:43	autologin	XXXX	Ende Programm
14.12.2009	18:36:45	progstart	XXXX	Start Programm
14.12.2009	19:10:58	autologin	XXXX	Ende Programm
15.12.2009	08:50:24	progstart	XXXX	Start Programm
15.12.2009	09:43:06	autologin	XXXX	Ende Programm
15.12.2009	09:43:09	progstart	XXXX	Start Programm
15.12.2009	10:37:04	autologin	XXXX	Ende Programm
15.12.2009	10:37:09	progstart	XXXX	Start Programm
15.12.2009	10:57:53	autologin	XXXX	Ende Programm
15.12.2009	10:58:11	progstart	XXXX	Start Programm
15.12.2009	12:40:53	autologin	XXXX	Ende Programm
15.12.2009	12:41:45	progstart	XXXX	Start Programm
15.12.2009	12:44:27	autologin	XXXX	Ende Programm
15.12.2009	13:27:14	progstart	XXXX	Start Programm
15.12.2009	19:47:21	autologin	XXXX	Ende Programm
16.12.2009	08:01:06	progstart	XXXX	Start Programm
16.12.2009	11:38:30	autologin	XXXX	Ende Programm
16.12.2009	13:04:37	progstart	XXXX	Start Programm
16.12.2009	16:16:47	autologin	XXXX	Ende Programm
16.12.2009	16:16:50	progstart	XXXX	Start Programm
16.12.2009	18:53:25	autologin	XXXX	Ende Programm
17.12.2009	08:49:59	progstart	XXXX	Start Programm
17.12.2009	11:29:49	autologin	XXXX	Ende Programm
17.12.2009	11:29:53	progstart	XXXX	Start Programm
17.12.2009	12:53:00	autologin	XXXX	Ende Programm
17.12.2009	13:15:28	progstart	XXXX	Start Programm
17.12.2009	19:37:05	autologin	XXXX	Ende Programm
18.12.2009	08:13:14	progstart	XXXX	Start Programm
18.12.2009	08:57:53	autologin	XXXX	Ende Programm
18.12.2009	08:57:56	progstart	XXXX	Start Programm
18.12.2009	15:49:29	autologin	XXXX	Ende Programm
18.12.2009	15:49:32	progstart	XXXX	Start Programm
18.12.2009	15:54:09	autologin	XXXX	Ende Programm
18.12.2009	15:54:13	progstart	XXXX	Start Programm
18.12.2009	18:50:43	autologin	XXXX	Ende Programm
21.12.2009	08:01:22	progstart	XXXX	Start Programm
21.12.2009	11:01:23	autologin	XXXX	Ende Programm
21.12.2009	11:01:26	progstart	XXXX	Start Programm
21.12.2009	12:02:34	autologin	XXXX	Ende Programm
21.12.2009	12:50:21	progstart	XXXX	Start Programm
21.12.2009	17:19:41	autologin	XXXX	Ende Programm
22.12.2009	11:15:16	progstart	XXXX	Start Programm
22.12.2009	12:05:20	Administrator	XXXX	Ende Programm
22.12.2009	12:05:22	progstart	XXXX	Start Programm
22.12.2009	13:19:00	Administrator	XXXX	Ende Programm
22.12.2009	13:19:03	progstart	XXXX	Start Programm
22.12.2009	14:15:16	Administrator	XXXX	Ende Programm
22.12.2009	14:15:18	progstart	XXXX	Start Programm
22.12.2009	14:53:11	Administrator	XXXX	Ende Programm
11.01.2010	12:35:37	progstart	XXXX	Start Programm
11.01.2010	17:25:59	autologin	XXXX	Ende Programm
12.01.2010	10:35:22	progstart	XXXX	Start Programm
12.01.2010	17:20:31	Administrator	XXXX	Ende Programm
13.01.2010	13:43:17	progstart	XXXX	Start Programm
13.01.2010	16:30:25	Administrator	XXXX	Ende Programm
13.01.2010	16:30:50	progstart	XXXX	Start Programm
13.01.2010	19:38:12	Administrator	XXXX	Ende Programm
14.01.2010	09:49:06	progstart	XXXX	Start Programm
14.01.2010	19:05:31	Administrator	XXXX	Ende Programm
15.01.2010	11:39:48	progstart	XXXX	Start Programm
15.01.2010	12:00:23	autologin	XXXX	Ende Programm
15.01.2010	12:06:11	progstart	XXXX	Start Programm
15.01.2010	16:38:29	autologin	XXXX	Ende Programm
18.01.2010	10:29:31	progstart	XXXX	Start Programm
18.01.2010	16:17:32	Administrator	XXXX	Ende Programm
18.01.2010	16:17:35	progstart	XXXX	Start Programm
18.01.2010	17:30:19	Administrator	XXXX	Ende Programm
19.01.2010	09:54:24	progstart	XXXX	Start Programm
19.01.2010	12:43:47	Administrator	XXXX	Ende Programm
19.01.2010	12:43:50	progstart	XXXX	Start Programm
19.01.2010	13:49:07	Administrator	XXXX	Ende Programm
19.01.2010	13:49:19	progstart	XXXX	Start Programm
19.01.2010	16:16:16	progstart	XXXX	Start Programm
19.01.2010	19:50:15	Administrator	XXXX	Ende Programm
20.01.2010	10:39:31	progstart	XXXX	Start Programm
20.01.2010	17:02:59	Administrator	XXXX	Ende Programm
20.01.2010	17:03:01	progstart	XXXX	Start Programm
20.01.2010	18:14:03	Administrator	XXXX	Ende Programm
26.01.2010	13:33:11	progstart	XXXX	Start Programm
26.01.2010	18:31:26	Administrator	XXXX	Ende Programm
27.01.2010	08:33:25	progstart	XXXX	Start Programm
27.01.2010	14:37:38	Administrator	XXXX	Ende Programm
27.01.2010	14:37:42	progstart	XXXX	Start Programm
27.01.2010	15:49:48	Administrator	XXXX	Ende Programm
27.01.2010	15:49:51	progstart	XXXX	Start Programm
27.01.2010	18:49:52	Administrator	XXXX	Ende Programm
28.01.2010	10:05:28	progstart	XXXX	Start Programm
28.01.2010	10:36:20	Administrator	XXXX	Ende Programm
28.01.2010	10:36:25	progstart	XXXX	Start Programm
28.01.2010	13:08:06	Administrator	XXXX	Ende Programm
28.01.2010	13:08:08	progstart	XXXX	Start Programm
28.01.2010	15:18:52	Administrator	XXXX	Ende Programm
28.01.2010	15:18:54	progstart	XXXX	Start Programm
28.01.2010	19:14:03	Administrator	XXXX	Ende Programm
29.01.2010	10:39:10	progstart	XXXX	Start Programm
29.01.2010	11:34:51	Administrator	XXXX	Ende Programm
29.01.2010	11:34:53	progstart	XXXX	Start Programm
29.01.2010	13:33:50	Administrator	XXXX	Ende Programm
29.01.2010	13:33:53	progstart	XXXX	Start Programm
29.01.2010	15:10:20	Administrator	XXXX	Ende Programm
02.02.2010	09:30:23	progstart	XXXX	Start Programm
02.02.2010	09:38:00	Administrator	XXXX	Ende Programm
02.02.2010	09:38:03	progstart	XXXX	Start Programm
02.02.2010	14:32:32	Administrator	XXXX	Ende Programm
02.02.2010	14:32:47	progstart	XXXX	Start Programm
02.02.2010	14:35:14	Administrator	XXXX	Ende Programm
02.02.2010	14:35:18	progstart	XXXX	Start Programm
02.02.2010	15:59:27	Administrator	XXXX	Ende Programm
04.02.2010	15:53:10	progstart	XXXX	Start Programm
04.02.2010	18:42:08	Administrator	XXXX	Ende Programm
04.02.2010	18:42:12	progstart	XXXX	Start Programm
04.02.2010	20:09:04	autologin	XXXX	Ende Programm
05.02.2010	08:04:23	progstart	XXXX	Start Programm
05.02.2010	10:50:32	Administrator	XXXX	Ende Programm
05.02.2010	10:50:35	progstart	XXXX	Start Programm
05.02.2010	11:53:07	autologin	XXXX	Ende Programm
05.02.2010	11:54:05	progstart	XXXX	Start Programm
05.02.2010	11:57:07	autologin	XXXX	Ende Programm
05.02.2010	12:10:38	progstart	XXXX	Start Programm
05.02.2010	13:05:20	autologin	XXXX	Ende Programm
05.02.2010	13:05:23	progstart	XXXX	Start Programm
05.02.2010	13:33:46	autologin	XXXX	Ende Programm
05.02.2010	13:34:15	progstart	XXXX	Start Programm
05.02.2010	15:59:14	Administrator	XXXX	Ende Programm
05.02.2010	15:59:16	progstart	XXXX	Start Programm
05.02.2010	16:58:29	Administrator	XXXX	Ende Programm
05.02.2010	16:58:33	progstart	XXXX	Start Programm
05.02.2010	17:27:13	Administrator	XXXX	Ende Programm
05.02.2010	17:28:49	progstart	XXXX	Start Programm
05.02.2010	17:34:40	autologin	XXXX	Ende Programm
08.02.2010	08:22:39	progstart	XXXX	Start Programm
08.02.2010	10:07:25	Administrator	XXXX	Ende Programm
08.02.2010	10:07:28	progstart	XXXX	Start Programm
08.02.2010	15:04:00	Administrator	XXXX	Ende Programm
08.02.2010	17:57:38	progstart	XXXX	Start Programm
08.02.2010	19:02:12	autologin	XXXX	Ende Programm
09.02.2010	08:22:00	progstart	XXXX	Start Programm
09.02.2010	15:16:14	Administrator	XXXX	Ende Programm
09.02.2010	15:16:16	progstart	XXXX	Start Programm
09.02.2010	17:26:32	Administrator	XXXX	Ende Programm
09.02.2010	17:26:34	progstart	XXXX	Start Programm
09.02.2010	19:02:20	Administrator	XXXX	Ende Programm
10.02.2010	08:53:18	progstart	XXXX	Start Programm
10.02.2010	14:25:01	Administrator	XXXX	Ende Programm
10.02.2010	14:25:04	progstart	XXXX	Start Programm
10.02.2010	15:15:05	autologin	XXXX	Ende Programm
10.02.2010	15:15:10	progstart	XXXX	Start Programm
10.02.2010	17:18:17	autologin	XXXX	Ende Programm
11.02.2010	07:59:17	progstart	XXXX	Start Programm
11.02.2010	11:14:25	autologin	XXXX	Ende Programm
11.02.2010	11:14:27	progstart	XXXX	Start Programm
11.02.2010	16:00:22	autologin	XXXX	Ende Programm
11.02.2010	16:00:25	progstart	XXXX	Start Programm
11.02.2010	18:57:29	autologin	XXXX	Ende Programm
12.02.2010	07:51:30	progstart	XXXX	Start Programm
12.02.2010	08:18:13	autologin	XXXX	Ende Programm
12.02.2010	08:18:15	progstart	XXXX	Start Programm
12.02.2010	16:20:24	autologin	XXXX	Ende Programm
12.02.2010	16:20:26	progstart	XXXX	Start Programm
12.02.2010	17:09:15	autologin	XXXX	Ende Programm
15.02.2010	08:17:30	progstart	XXXX	Start Programm
15.02.2010	08:42:24	autologin	XXXX	Ende Programm
15.02.2010	08:42:26	progstart	XXXX	Start Programm
15.02.2010	13:24:51	Administrator	XXXX	Ende Programm
15.02.2010	13:24:54	progstart	XXXX	Start Programm
15.02.2010	18:13:41	autologin	XXXX	Ende Programm
15.02.2010	18:13:44	progstart	XXXX	Start Programm
15.02.2010	18:16:20	autologin	XXXX	Ende Programm
15.02.2010	18:16:23	progstart	XXXX	Start Programm
15.02.2010	19:56:19	autologin	XXXX	Ende Programm
16.02.2010	07:30:26	progstart	XXXX	Start Programm
16.02.2010	15:00:18	progstart	XXXX	Start Programm
16.02.2010	15:09:00	autologin	XXXX	Ende Programm
16.02.2010	15:09:02	progstart	XXXX	Start Programm
16.02.2010	19:49:25	autologin	XXXX	Ende Programm
17.02.2010	08:31:17	progstart	XXXX	Start Programm
17.02.2010	18:17:38	autologin	XXXX	Ende Programm
17.02.2010	18:17:40	progstart	XXXX	Start Programm
17.02.2010	19:56:10	autologin	XXXX	Ende Programm
18.02.2010	07:34:31	progstart	XXXX	Start Programm
18.02.2010	07:59:01	autologin	XXXX	Ende Programm
18.02.2010	07:59:04	progstart	XXXX	Start Programm
18.02.2010	10:50:06	autologin	XXXX	Ende Programm
18.02.2010	10:50:09	progstart	XXXX	Start Programm
18.02.2010	19:59:13	autologin	XXXX	Ende Programm
19.02.2010	07:57:38	progstart	XXXX	Start Programm
19.02.2010	08:16:21	autologin	XXXX	Ende Programm
19.02.2010	08:16:24	progstart	XXXX	Start Programm
19.02.2010	10:44:49	autologin	XXXX	Ende Programm
19.02.2010	10:44:51	progstart	XXXX	Start Programm
19.02.2010	10:45:26	autologin	XXXX	Ende Programm
19.02.2010	10:45:28	progstart	XXXX	Start Programm
19.02.2010	18:48:39	autologin	XXXX	Ende Programm
22.02.2010	08:31:25	progstart	XXXX	Start Programm
22.02.2010	09:59:33	autologin	XXXX	Ende Programm
22.02.2010	09:59:36	progstart	XXXX	Start Programm
22.02.2010	13:38:35	autologin	XXXX	Ende Programm
22.02.2010	13:38:37	progstart	XXXX	Start Programm
22.02.2010	15:48:06	autologin	XXXX	Ende Programm
22.02.2010	15:48:13	progstart	XXXX	Start Programm
22.02.2010	16:07:00	autologin	XXXX	Ende Programm
22.02.2010	16:07:12	progstart	XXXX	Start Programm
22.02.2010	18:00:02	autologin	XXXX	Ende Programm
22.02.2010	18:00:04	progstart	XXXX	Start Programm
22.02.2010	18:04:13	autologin	XXXX	Ende Programm
22.02.2010	18:04:15	progstart	XXXX	Start Programm
22.02.2010	19:56:31	autologin	XXXX	Ende Programm
23.02.2010	08:08:42	progstart	XXXX	Start Programm
23.02.2010	18:50:57	autologin	XXXX	Ende Programm
24.02.2010	08:47:57	progstart	XXXX	Start Programm
24.02.2010	18:45:03	autologin	XXXX	Ende Programm
25.02.2010	08:04:08	progstart	XXXX	Start Programm
25.02.2010	18:31:50	autologin	XXXX	Ende Programm
26.02.2010	07:39:33	progstart	XXXX	Start Programm
26.02.2010	10:51:37	autologin	XXXX	Ende Programm
26.02.2010	10:52:20	progstart	XXXX	Start Programm
26.02.2010	11:00:46	autologin	XXXX	Ende Programm
26.02.2010	11:19:34	progstart	XXXX	Start Programm
26.02.2010	15:18:31	Administrator	XXXX	Ende Programm
01.03.2010	07:34:59	progstart	XXXX	Start Programm
01.03.2010	17:30:34	autologin	XXXX	Ende Programm
02.03.2010	08:00:10	progstart	XXXX	Start Programm
02.03.2010	19:54:55	autologin	XXXX	Ende Programm
03.03.2010	08:08:48	progstart	XXXX	Start Programm
03.03.2010	20:01:18	autologin	XXXX	Ende Programm
04.03.2010	07:39:30	progstart	XXXX	Start Programm
04.03.2010	08:02:04	autologin	XXXX	Ende Programm
04.03.2010	08:02:07	progstart	XXXX	Start Programm
04.03.2010	19:30:39	autologin	XXXX	Ende Programm
05.03.2010	08:23:14	progstart	XXXX	Start Programm
05.03.2010	18:04:56	autologin	XXXX	Ende Programm
05.03.2010	18:04:59	progstart	XXXX	Start Programm
05.03.2010	20:01:35	autologin	XXXX	Ende Programm
08.03.2010	07:38:42	progstart	XXXX	Start Programm
08.03.2010	18:55:46	autologin	XXXX	Ende Programm
09.03.2010	08:04:43	progstart	XXXX	Start Programm
09.03.2010	08:33:15	autologin	XXXX	Ende Programm
09.03.2010	08:33:17	progstart	XXXX	Start Programm
09.03.2010	16:50:23	autologin	XXXX	Ende Programm
09.03.2010	16:50:26	progstart	XXXX	Start Programm
09.03.2010	19:59:42	autologin	XXXX	Ende Programm
10.03.2010	07:36:57	progstart	XXXX	Start Programm
10.03.2010	11:22:23	autologin	XXXX	Ende Programm
10.03.2010	11:22:29	progstart	XXXX	Start Programm
10.03.2010	13:51:02	autologin	XXXX	Ende Programm
10.03.2010	18:00:04	progstart	XXXX	Start Programm
10.03.2010	18:01:12	Administrator	XXXX	Ende Programm
10.03.2010	18:01:34	progstart	XXXX	Start Programm
10.03.2010	19:20:16	Administrator	XXXX	Ende Programm
11.03.2010	09:44:37	progstart	XXXX	Start Programm
11.03.2010	09:44:38	progstart	XXXX	Autoupdating D:\P5507\EXE\Config\Regler.dat to version 1.
11.03.2010	09:44:40	progstart	XXXX	Autoupdating D:\P5507\EXE\Config\Regler.dat to version 2.
11.03.2010	09:56:51	Administrator	XXXX	Fehler 62 bei Verbindung mit SI-Z00U3 [192.168.3.2].
11.03.2010	14:57:51	Administrator	XXXX	Fehler 66 bei Verbindung mit SI-Z00U3 [192.168.3.2].
11.03.2010	16:47:04	Administrator	XXXX	Ende Programm
12.03.2010	11:55:08	progstart	XXXX	Start Programm
12.03.2010	13:08:05	autologin	XXXX	Ende Programm
16.03.2010	08:50:00	progstart	XXXX	Start Programm
16.03.2010	09:15:25		XXXX	Ende Programm
16.03.2010	09:15:31	progstart	XXXX	Start Programm
16.03.2010	09:20:21	Administrator	XXXX	Ende Programm
16.03.2010	09:20:38	progstart	XXXX	Start Programm
16.03.2010	10:32:50	Administrator	XXXX	Fehler 66 bei Verbindung mit SI-Z00U3 [192.168.3.2].
16.03.2010	12:03:43	Administrator	XXXX	Fehler 66 bei Verbindung mit SI-Z00U3 [192.168.3.2].
16.03.2010	17:19:19	Administrator	XXXX	Ende Programm
17.03.2010	08:13:39	progstart	XXXX	Start Programm
17.03.2010	16:12:17	autologin	XXXX	Fehler 66 bei Verbindung mit SI-Z00U3 [192.168.3.2].
17.03.2010	16:14:10	autologin	XXXX	Fehler 62 bei Verbindung mit SI-Z00U3 [192.168.3.2].
17.03.2010	17:20:05	autologin	XXXX	Ende Programm
17.03.2010	18:52:37	progstart	XXXX	Start Programm
17.03.2010	18:55:20	autologin	XXXX	Ende Programm
18.03.2010	08:26:35	progstart	XXXX	Start Programm
18.03.2010	13:13:51	Administrator	XXXX	Fehler 66 bei Verbindung mit SI-Z00U3 [192.168.3.2].
18.03.2010	17:18:40	Administrator	XXXX	Ende Programm
19.03.2010	08:18:00	progstart	XXXX	Start Programm
19.03.2010	13:16:16	Administrator	XXXX	Fehler 66 bei Verbindung mit SI-Z00U3 [192.168.3.2].
19.03.2010	13:17:22	Administrator	XXXX	Fehler 66 bei Verbindung mit SI-Z00U3 [192.168.3.2].
19.03.2010	13:58:27	Administrator	XXXX	Fehler 66 bei Verbindung mit SI-Z00U3 [192.168.3.2].
19.03.2010	15:13:14	Administrator	XXXX	Ende Programm
19.03.2010	15:14:00	progstart	XXXX	Start Programm
19.03.2010	15:14:08	autologin	XXXX	Ende Programm
19.03.2010	15:15:46	progstart	XXXX	Start Programm
19.03.2010	16:48:15	Administrator	XXXX	Ende Programm
22.03.2010	08:18:16	progstart	XXXX	Start Programm
22.03.2010	08:39:03	Administrator	XXXX	Ende Programm
22.03.2010	08:39:07	progstart	XXXX	Start Programm
22.03.2010	17:13:15	Administrator	XXXX	Ende Programm
23.03.2010	08:24:03	progstart	XXXX	Start Programm
23.03.2010	19:17:54	autologin	XXXX	Ende Programm
24.03.2010	08:12:08	progstart	XXXX	Start Programm
24.03.2010	18:46:34	Administrator	XXXX	Fehler 62 bei Verbindung mit SI-Z00U3 [192.168.3.2].
24.03.2010	18:48:29	Administrator	XXXX	Fehler 62 bei Verbindung mit SI-Z00U3 [192.168.3.2].
24.03.2010	18:53:30	Administrator	XXXX	Fehler 66 bei Verbindung mit SI-Z00U3 [192.168.3.2].
24.03.2010	18:54:58	Administrator	XXXX	Ende Programm
25.03.2010	09:18:13	progstart	XXXX	Start Programm
25.03.2010	09:21:49	Administrator	XXXX	Fehler 62 bei Verbindung mit SI-Z00U3 [192.168.3.2].
25.03.2010	09:22:04	Administrator	XXXX	Fehler 62 bei Verbindung mit SI-Z00U3 [192.168.3.2].
25.03.2010	16:59:49	Administrator	XXXX	Fehler 66 bei Verbindung mit SI-Z00U3 [192.168.3.2].
25.03.2010	18:39:27	Administrator	XXXX	Ende Programm
26.03.2010	15:03:15	progstart	XXXX	Start Programm
26.03.2010	17:01:13	Administrator	XXXX	Ende Programm
26.03.2010	17:02:16	progstart	XXXX	Start Programm
26.03.2010	18:03:29	Administrator	XXXX	Ende Programm
29.03.2010	09:01:07	progstart	XXXX	Start Programm
29.03.2010	10:21:05	Administrator	XXXX	Fehler 66 bei Verbindung mit SI-Z7508 [192.168.3.2].
29.03.2010	14:55:44	Administrator	XXXX	Fehler 62 bei Verbindung mit SI-Z7508 [192.168.3.2].
29.03.2010	16:20:18	Administrator	XXXX	Fehler 66 bei Verbindung mit SI-Z7508 [192.168.3.2].
29.03.2010	16:21:03	Administrator	XXXX	Fehler 66 bei Verbindung mit SI-Z7508 [192.168.3.2].
29.03.2010	16:21:49	Administrator	XXXX	Fehler 66 bei Verbindung mit SI-Z7508 [192.168.3.2].
29.03.2010	16:27:16	Administrator	XXXX	Fehler 66 bei Verbindung mit SI-Z7508 [192.168.3.2].
29.03.2010	16:45:11	Administrator	XXXX	Fehler 62 bei Verbindung mit SI-Z7508 [192.168.3.2].
29.03.2010	16:47:45	Administrator	XXXX	Fehler 66 bei Verbindung mit SI-Z7508 [192.168.3.2].
29.03.2010	17:44:15	Administrator	XXXX	Fehler 66 bei Verbindung mit SI-Z7508 [192.168.3.2].
29.03.2010	17:44:52	Administrator	XXXX	Fehler 66 bei Verbindung mit SI-Z7508 [192.168.3.2].
29.03.2010	17:46:07	Administrator	XXXX	Fehler 66 bei Verbindung mit SI-Z7508 [192.168.3.2].
29.03.2010	17:55:43	Administrator	XXXX	Fehler 66 bei Verbindung mit SI-Z7508 [192.168.3.2].
29.03.2010	17:56:13	Administrator	XXXX	Ende Programm
31.03.2010	08:31:54	progstart	XXXX	Start Programm
31.03.2010	14:36:37	Administrator	XXXX	Ende Programm
06.04.2010	13:53:23	progstart	XXXX	Start Programm
06.04.2010	15:14:15	Administrator	XXXX	Ende Programm
07.04.2010	13:15:40	progstart	XXXX	Start Programm
07.04.2010	16:22:37	Administrator	XXXX	Fehler 66 bei Verbindung mit SI-Z7508 [192.168.3.2].
07.04.2010	16:24:17	Administrator	XXXX	Fehler 66 bei Verbindung mit SI-Z7508 [192.168.3.2].
07.04.2010	16:25:26	Administrator	XXXX	Fehler 66 bei Verbindung mit SI-Z7508 [192.168.3.2].
07.04.2010	17:42:52	Administrator	XXXX	Ende Programm
08.04.2010	11:41:39	progstart	XXXX	Start Programm
08.04.2010	17:54:41	Administrator	XXXX	Ende Programm
12.04.2010	08:41:45	progstart	XXXX	Start Programm
12.04.2010	18:08:47	Administrator	XXXX	Fehler 66 bei Verbindung mit SI-Z7508 [192.168.3.2].
12.04.2010	18:10:04	Administrator	XXXX	Fehler 66 bei Verbindung mit SI-Z7508 [192.168.3.2].
12.04.2010	18:14:17	Administrator	XXXX	Fehler 62 bei Verbindung mit SI-Z7508 [192.168.3.2].
12.04.2010	19:11:59	Administrator	XXXX	Ende Programm
13.04.2010	08:10:58	progstart	XXXX	Start Programm
19.04.2010	08:30:19	progstart	XXXX	Start Programm
19.04.2010	14:00:10	Administrator	XXXX	Fehler 62 bei Verbindung mit SI-Z7508 [192.168.3.2].
19.04.2010	17:58:53	Administrator	XXXX	Ende Programm
20.04.2010	08:20:36	progstart	XXXX	Start Programm
20.04.2010	14:43:22	Administrator	XXXX	Fehler 62 bei Verbindung mit SI-Z7508 [192.168.3.2].
20.04.2010	19:19:18	Administrator	XXXX	Ende Programm
21.04.2010	08:25:00	progstart	XXXX	Start Programm
21.04.2010	17:30:42	Administrator	XXXX	Ende Programm
21.04.2010	17:33:14	progstart	XXXX	Start Programm
21.04.2010	17:35:11	Administrator	XXXX	Ende Programm
22.04.2010	08:18:58	progstart	XXXX	Start Programm
22.04.2010	08:46:07	Administrator	XXXX	Fehler 66 bei Verbindung mit SI-Z7508 [192.168.3.2].
22.04.2010	08:59:13	Administrator	XXXX	Fehler 66 bei Verbindung mit SI-Z7508 [192.168.3.2].
22.04.2010	09:01:00	Administrator	XXXX	Fehler 66 bei Verbindung mit SI-Z7508 [192.168.3.2].
22.04.2010	09:05:59	Administrator	XXXX	Fehler 66 bei Verbindung mit SI-Z7508 [192.168.3.2].
22.04.2010	09:51:42	Administrator	XXXX	Fehler 66 bei Verbindung mit SI-Z7508 [192.168.3.2].
22.04.2010	10:44:29	Administrator	XXXX	Fehler 62 bei Verbindung mit SI-Z7508 [192.168.3.2].
22.04.2010	18:15:48	Administrator	XXXX	Ende Programm
23.04.2010	08:27:53	progstart	XXXX	Start Programm
23.04.2010	19:36:03	Administrator	XXXX	Ende Programm
26.04.2010	08:19:09	progstart	XXXX	Start Programm
26.04.2010	10:38:19	Administrator	XXXX	Fehler 62 bei Verbindung mit SI-Z7508 [192.168.3.2].
26.04.2010	10:39:31	Administrator	XXXX	Ende Programm
26.04.2010	10:40:46	progstart	XXXX	Start Programm
26.04.2010	11:36:02	Administrator	XXXX	Fehler 66 bei Verbindung mit SI-Z7508 [192.168.3.2].
26.04.2010	12:05:11	Administrator	XXXX	Ende Programm
26.04.2010	12:05:16	progstart	XXXX	Start Programm
26.04.2010	12:51:22	Administrator	XXXX	Ende Programm
26.04.2010	12:54:25	progstart	XXXX	Start Programm
26.04.2010	17:13:45	Administrator	XXXX	Ende Programm
27.04.2010	08:27:27	progstart	XXXX	Start Programm
27.04.2010	08:49:02	Administrator	XXXX	Fehler 66 bei Verbindung mit SI-Z7508 [192.168.3.2].
27.04.2010	18:04:55	Administrator	XXXX	Ende Programm
28.04.2010	09:04:44	progstart	XXXX	Start Programm
28.04.2010	18:59:17	Administrator	XXXX	Ende Programm
29.04.2010	08:25:18	progstart	XXXX	Start Programm
29.04.2010	18:32:38	Administrator	XXXX	Ende Programm
30.04.2010	08:21:39	progstart	XXXX	Start Programm
30.04.2010	15:20:43	Administrator	XXXX	Ende Programm
03.05.2010	08:33:07	progstart	XXXX	Start Programm
03.05.2010	17:29:00	Administrator	XXXX	Ende Programm
04.05.2010	08:33:17	progstart	XXXX	Start Programm
04.05.2010	17:12:53	Administrator	XXXX	Ende Programm
05.05.2010	08:38:43	progstart	XXXX	Start Programm
05.05.2010	17:20:46	Administrator	XXXX	Ende Programm
05.05.2010	17:22:35	progstart	XXXX	Start Programm
07.05.2010	17:54:46	Administrator	XXXX	Ende Programm
10.05.2010	08:53:51	progstart	XXXX	Start Programm
10.05.2010	17:20:58	Administrator	XXXX	Ende Programm
11.05.2010	08:42:14	progstart	XXXX	Start Programm
12.05.2010	11:49:11	Administrator	XXXX	Fehler 66 bei Verbindung mit SI-Z7508 [192.168.3.2].
12.05.2010	17:10:08	Administrator	XXXX	Ende Programm
17.05.2010	09:42:27	progstart	XXXX	Start Programm
17.05.2010	18:01:15	Administrator	5061	Fehler NI PCI 6229, AI ### DAQmx Read (Analog 2D DBL NChan NSamp).vi:3<append>
<B>Eigenschaft: </B>RelativZu
<B>Zugehöriger Wert: </B>Aktuelle Leseposition

<B>Eigenschaft: </B>Offset
<B>Zugehöriger Wert: </B>


<B>Task-Name: </B>task-6229-AI (-200279)
17.05.2010	18:01:15	Administrator	5001	Fehler Betrieb Datenerfassung
17.05.2010	18:01:15	Administrator	6696	Skalierung AO-Vipa: Fehler Array-Groesse ungleich
17.05.2010	18:01:48	Administrator	XXXX	Ende Programm
17.05.2010	18:01:51	progstart	XXXX	Start Programm
17.05.2010	18:01:58	autologin	XXXX	Ende Programm
17.05.2010	18:02:00	progstart	XXXX	Start Programm
17.05.2010	18:29:55	Administrator	XXXX	Ende Programm
18.05.2010	08:22:08	progstart	XXXX	Start Programm
18.05.2010	16:54:08	Administrator	XXXX	Ende Programm
18.05.2010	17:13:12	progstart	XXXX	Start Programm
18.05.2010	18:31:20	Administrator	XXXX	Ende Programm
19.05.2010	08:22:15	progstart	XXXX	Start Programm
19.05.2010	17:12:18	Administrator	XXXX	Ende Programm
20.05.2010	08:17:38	progstart	XXXX	Start Programm
20.05.2010	17:11:07	Administrator	XXXX	Ende Programm
27.05.2010	08:33:36	progstart	XXXX	Start Programm
27.05.2010	08:49:23	Administrator	XXXX	Fehler 66 bei Verbindung mit SI-Z7508 [192.168.3.2].
27.05.2010	08:51:10	Administrator	XXXX	Fehler 66 bei Verbindung mit SI-Z7508 [192.168.3.2].
27.05.2010	09:00:26	Administrator	XXXX	Fehler 66 bei Verbindung mit SI-Z7508 [192.168.3.2].
27.05.2010	09:03:11	Administrator	XXXX	Fehler 66 bei Verbindung mit SI-Z7508 [192.168.3.2].
27.05.2010	09:06:06	Administrator	XXXX	Fehler 66 bei Verbindung mit SI-Z7508 [192.168.3.2].
27.05.2010	18:21:02	Administrator	XXXX	Ende Programm
31.05.2010	08:21:33	progstart	XXXX	Start Programm
31.05.2010	17:18:14	Administrator	XXXX	Ende Programm
01.06.2010	08:38:42	progstart	XXXX	Start Programm
01.06.2010	17:02:24	Administrator	XXXX	Ende Programm
02.06.2010	08:28:52	progstart	XXXX	Start Programm
02.06.2010	09:11:23	Administrator	XXXX	Ende Programm
02.06.2010	09:11:32	progstart	XXXX	Start Programm
02.06.2010	16:07:30	Administrator	XXXX	Ende Programm
07.06.2010	08:21:29	progstart	XXXX	Start Programm
07.06.2010	13:24:48	progstart	XXXX	Start Programm
07.06.2010	13:25:31	Administrator	XXXX	Fehler 66 bei Verbindung mit SI-Z7508 [192.168.3.2].
07.06.2010	13:46:09	Administrator	XXXX	Ende Programm
07.06.2010	13:46:15	progstart	XXXX	Start Programm
07.06.2010	14:19:27	Administrator	XXXX	Ende Programm
07.06.2010	14:20:07	progstart	XXXX	Start Programm
07.06.2010	16:18:03	Administrator	XXXX	Ende Programm
08.06.2010	08:21:03	progstart	XXXX	Start Programm
08.06.2010	16:17:57	progstart	XXXX	Start Programm
08.06.2010	16:21:49	progstart	XXXX	Start Programm
08.06.2010	17:05:03	Administrator	XXXX	Ende Programm
08.06.2010	17:05:06	progstart	XXXX	Start Programm
08.06.2010	17:06:12	autologin	XXXX	Ende Programm
10.06.2010	08:18:31	progstart	XXXX	Start Programm
10.06.2010	13:06:38	progstart	XXXX	Start Programm
10.06.2010	13:21:25	progstart	XXXX	Start Programm
10.06.2010	13:52:07	autologin	XXXX	Ende Programm
10.06.2010	14:10:15	progstart	XXXX	Start Programm
10.06.2010	16:54:40	Administrator	XXXX	Ende Programm
10.06.2010	17:24:43	progstart	XXXX	Start Programm
10.06.2010	18:56:11	Administrator	XXXX	Ende Programm
11.06.2010	08:14:32	progstart	XXXX	Start Programm
11.06.2010	17:17:23	Administrator	XXXX	Ende Programm
14.06.2010	08:23:04	progstart	XXXX	Start Programm
14.06.2010	08:33:05	Administrator	XXXX	Fehler 66 bei Verbindung mit SI-Z7508 [192.168.3.2].
14.06.2010	08:34:40	Administrator	XXXX	Fehler 66 bei Verbindung mit SI-Z7508 [192.168.3.2].
14.06.2010	18:33:55	Administrator	XXXX	Ende Programm
15.06.2010	09:16:50	progstart	XXXX	Start Programm
15.06.2010	17:05:23	Administrator	XXXX	Ende Programm
16.06.2010	09:57:24	progstart	XXXX	Start Programm
16.06.2010	17:17:21	Administrator	XXXX	Ende Programm
17.06.2010	10:41:43	progstart	XXXX	Start Programm
17.06.2010	17:32:01	Administrator	XXXX	Ende Programm
18.06.2010	08:25:48	progstart	XXXX	Start Programm
18.06.2010	16:44:52	Administrator	XXXX	Ende Programm
21.06.2010	08:32:15	progstart	XXXX	Start Programm
21.06.2010	18:18:20	Administrator	XXXX	Ende Programm
22.06.2010	08:41:00	progstart	XXXX	Start Programm
22.06.2010	18:15:03	Administrator	XXXX	Ende Programm
23.06.2010	08:42:56	progstart	XXXX	Start Programm
23.06.2010	13:40:56	Administrator	XXXX	Ende Programm
23.06.2010	13:43:54	progstart	XXXX	Start Programm
23.06.2010	17:01:00	autologin	XXXX	Fehler 66 bei Verbindung mit SI-Z7508 [192.168.3.2].
23.06.2010	17:09:58	autologin	XXXX	Fehler 62 bei Verbindung mit SI-Z7508 [192.168.3.2].
23.06.2010	19:01:23	autologin	XXXX	Ende Programm
24.06.2010	08:36:04	progstart	XXXX	Start Programm
24.06.2010	17:33:52	Administrator	XXXX	Ende Programm
25.06.2010	08:21:00	progstart	XXXX	Start Programm
25.06.2010	14:04:30	Administrator	XXXX	Ende Programm
28.06.2010	08:24:55	progstart	XXXX	Start Programm
28.06.2010	12:55:09	Administrator	XXXX	Ende Programm
28.06.2010	12:55:26	progstart	XXXX	Start Programm
28.06.2010	12:58:40	autologin	XXXX	Ende Programm
29.06.2010	08:32:38	progstart	XXXX	Start Programm
29.06.2010	18:11:58	Administrator	XXXX	Ende Programm
29.06.2010	18:12:12	progstart	XXXX	Start Programm
29.06.2010	18:13:35	autologin	XXXX	Ende Programm
30.06.2010	08:38:43	progstart	XXXX	Start Programm
30.06.2010	18:46:16	Administrator	XXXX	Ende Programm
01.07.2010	08:27:58	progstart	XXXX	Start Programm
01.07.2010	16:50:24	Administrator	XXXX	Ende Programm
05.07.2010	09:15:35	progstart	XXXX	Start Programm
05.07.2010	10:29:04	Administrator	XXXX	Fehler 66 bei Verbindung mit SI-Z7508 [192.168.3.2].
05.07.2010	10:32:30	Administrator	XXXX	Fehler 66 bei Verbindung mit SI-Z7508 [192.168.3.2].
05.07.2010	15:33:15	Administrator	XXXX	Ende Programm
08.07.2010	09:53:59	progstart	XXXX	Start Programm
08.07.2010	17:58:59	Administrator	XXXX	Ende Programm
09.07.2010	14:13:52	progstart	XXXX	Start Programm
09.07.2010	14:59:32	autologin	XXXX	Ende Programm
12.07.2010	08:35:03	progstart	XXXX	Start Programm
12.07.2010	08:42:23	Administrator	XXXX	Ende Programm
12.07.2010	08:42:27	progstart	XXXX	Start Programm
12.07.2010	17:22:41	Administrator	XXXX	Ende Programm
13.07.2010	08:31:01	progstart	XXXX	Start Programm
13.07.2010	08:37:56	Administrator	XXXX	Ende Programm
13.07.2010	08:38:04	progstart	XXXX	Start Programm
13.07.2010	18:03:12	Administrator	XXXX	Ende Programm
14.07.2010	08:25:56	progstart	XXXX	Start Programm
14.07.2010	16:28:48	Administrator	XXXX	Ende Programm
15.07.2010	08:35:33	progstart	XXXX	Start Programm
15.07.2010	17:46:16	Administrator	XXXX	Ende Programm
16.07.2010	08:33:47	progstart	XXXX	Start Programm
16.07.2010	12:36:51	Administrator	XXXX	Ende Programm
16.07.2010	12:36:57	progstart	XXXX	Start Programm
16.07.2010	12:37:18	autologin	XXXX	Ende Programm
16.07.2010	13:15:58	progstart	XXXX	Start Programm
16.07.2010	17:16:34	Administrator	XXXX	Ende Programm
19.07.2010	08:26:11	progstart	XXXX	Start Programm
19.07.2010	17:24:43	Administrator	XXXX	Ende Programm
20.07.2010	13:58:59	progstart	XXXX	Start Programm
20.07.2010	14:00:23	autologin	XXXX	Ende Programm
22.07.2010	08:36:22	progstart	XXXX	Start Programm
22.07.2010	08:42:50	Administrator	XXXX	Fehler 66 bei Verbindung mit SI-Z7508 [192.168.5.1].
22.07.2010	17:02:52	Administrator	XXXX	Ende Programm
23.07.2010	08:47:16	progstart	XXXX	Start Programm
23.07.2010	18:12:14	Administrator	XXXX	Ende Programm
26.07.2010	13:40:01	progstart	XXXX	Start Programm
26.07.2010	17:18:54	Administrator	XXXX	Ende Programm
27.07.2010	09:36:15	progstart	XXXX	Start Programm
27.07.2010	15:13:12	Administrator	XXXX	Ende Programm
28.07.2010	10:53:04	progstart	XXXX	Start Programm
28.07.2010	17:47:07	Administrator	XXXX	Ende Programm
29.07.2010	08:36:07	progstart	XXXX	Start Programm
30.07.2010	17:12:37	Administrator	XXXX	Ende Programm
02.08.2010	08:33:59	progstart	XXXX	Start Programm
05.08.2010	09:23:22	Administrator	5008	Fehler AI alle Messwerte lesen
05.08.2010	09:23:22	Administrator	9053	Fehler Messwerte holen
05.08.2010	09:23:22	Administrator	5001	Fehler Betrieb Datenerfassung
05.08.2010	09:23:22	Administrator	6696	Skalierung AO-Vipa: Fehler Array-Groesse ungleich
05.08.2010	09:37:18	Administrator	XXXX	Ende Programm
05.08.2010	09:39:06	progstart	XXXX	Start Programm
06.08.2010	15:48:20	Administrator	XXXX	Ende Programm
09.08.2010	08:46:03	progstart	XXXX	Start Programm
09.08.2010	16:19:52	Administrator	XXXX	Ende Programm
10.08.2010	16:05:56	progstart	XXXX	Start Programm
11.08.2010	08:15:16	Administrator	XXXX	Ende Programm
11.08.2010	08:22:57	progstart	XXXX	Start Programm
11.08.2010	08:31:06	autologin	XXXX	Ende Programm
12.08.2010	11:26:59	progstart	XXXX	Start Programm
12.08.2010	15:02:19	Administrator	XXXX	Ende Programm
12.08.2010	15:02:49	progstart	XXXX	Start Programm
12.08.2010	16:20:01	Administrator	XXXX	Ende Programm
13.08.2010	09:21:45	progstart	XXXX	Start Programm
13.08.2010	13:12:48	Administrator	XXXX	Ende Programm
13.08.2010	13:26:26	progstart	XXXX	Start Programm
13.08.2010	15:30:47	autologin	XXXX	Ende Programm
16.08.2010	09:55:54	progstart	XXXX	Start Programm
16.08.2010	11:48:20	Administrator	XXXX	Fehler 66 bei Verbindung mit SI-Z7508 [192.168.5.1].
16.08.2010	14:54:24	Administrator	XXXX	Ende Programm
17.08.2010	09:08:52	progstart	XXXX	Start Programm
17.08.2010	14:21:43	Administrator	XXXX	Ende Programm
18.08.2010	08:02:21	progstart	XXXX	Start Programm
18.08.2010	17:49:39	Administrator	XXXX	Ende Programm
19.08.2010	08:20:42	progstart	XXXX	Start Programm
19.08.2010	16:28:55	Administrator	XXXX	Ende Programm
20.08.2010	07:57:59	progstart	XXXX	Start Programm
20.08.2010	13:20:29	Administrator	XXXX	Ende Programm
23.08.2010	08:30:08	progstart	XXXX	Start Programm
23.08.2010	18:13:56	Administrator	XXXX	Ende Programm
24.08.2010	07:42:16	progstart	XXXX	Start Programm
24.08.2010	12:49:22	Administrator	XXXX	Fehler 66 bei Verbindung mit SI-Z7508 [192.168.5.1].
24.08.2010	13:56:16	Administrator	XXXX	Fehler 66 bei Verbindung mit SI-Z7508 [192.168.5.1].
24.08.2010	13:57:20	Administrator	XXXX	Fehler 62 bei Verbindung mit SI-Z7508 [192.168.5.1].
24.08.2010	13:58:02	Administrator	XXXX	Fehler 62 bei Verbindung mit SI-Z7508 [192.168.5.1].
25.08.2010	09:29:48	Administrator	XXXX	Fehler 66 bei Verbindung mit SI-Z7508 [192.168.5.1].
25.08.2010	09:30:38	Administrator	XXXX	Fehler 66 bei Verbindung mit SI-Z7508 [192.168.5.1].
25.08.2010	12:54:35	Administrator	XXXX	Fehler 66 bei Verbindung mit SI-Z7508 [192.168.5.1].
25.08.2010	12:55:19	Administrator	XXXX	Fehler 66 bei Verbindung mit SI-Z7508 [192.168.5.1].
25.08.2010	14:03:44	Administrator	XXXX	Ende Programm
26.08.2010	07:55:29	progstart	XXXX	Start Programm
26.08.2010	13:19:17	Administrator	XXXX	Ende Programm
31.08.2010	11:46:35	progstart	XXXX	Start Programm
31.08.2010	14:43:55	autologin	XXXX	Ende Programm
01.09.2010	17:08:34	progstart	XXXX	Start Programm
01.09.2010	17:09:46	autologin	XXXX	Fehler 62 bei Verbindung mit SI-Z00U3 [192.168.19.1].
01.09.2010	17:10:47	autologin	XXXX	Fehler 62 bei Verbindung mit SI-Z00U3 [192.168.19.1].
01.09.2010	17:11:12	autologin	XXXX	Fehler 62 bei Verbindung mit SI-Z00U3 [192.168.19.1].
01.09.2010	17:12:18	autologin	XXXX	Fehler 62 bei Verbindung mit SI-Z00U3 [192.168.19.1].
01.09.2010	17:13:00	autologin	XXXX	Fehler 62 bei Verbindung mit SI-Z00U3 [192.168.19.1].
01.09.2010	17:13:46	autologin	XXXX	Fehler 62 bei Verbindung mit SI-Z00U3 [192.168.19.1].
01.09.2010	17:14:57	autologin	XXXX	Fehler 62 bei Verbindung mit SI-Z00U3 [192.168.19.1].
01.09.2010	17:15:10	autologin	XXXX	Fehler 62 bei Verbindung mit SI-Z00U3 [192.168.19.1].
01.09.2010	17:22:34	autologin	XXXX	Ende Programm
07.09.2010	17:57:59	progstart	XXXX	Start Programm
07.09.2010	18:05:48	autologin	XXXX	Ende Programm
08.09.2010	14:40:00	progstart	XXXX	Start Programm
08.09.2010	15:10:24	Administrator	XXXX	Fehler 66 bei Verbindung mit SI-Z00U3 [192.168.19.1].
08.09.2010	16:47:19	Administrator	XXXX	Ende Programm
10.09.2010	11:50:32	progstart	XXXX	Start Programm
10.09.2010	17:20:08	Administrator	XXXX	Ende Programm
13.09.2010	15:18:13	progstart	XXXX	Start Programm
14.09.2010	14:28:54	progstart	XXXX	Start Programm
14.09.2010	14:30:32	autologin	XXXX	Ende Programm
15.09.2010	15:44:35	progstart	XXXX	Start Programm
15.09.2010	16:25:30	autologin	XXXX	Ende Programm
15.09.2010	17:05:06	progstart	XXXX	Start Programm
15.09.2010	19:12:13	autologin	XXXX	Ende Programm
16.09.2010	13:54:07	progstart	XXXX	Start Programm
17.09.2010	14:08:49	Administrator	XXXX	Ende Programm
17.09.2010	14:13:06	progstart	XXXX	Start Programm
17.09.2010	14:40:25	Administrator	XXXX	Ende Programm
20.09.2010	11:14:50	progstart	XXXX	Start Programm
20.09.2010	17:11:59	autologin	XXXX	Ende Programm
21.09.2010	13:35:38	progstart	XXXX	Start Programm
21.09.2010	17:34:51	Administrator	XXXX	Ende Programm
22.09.2010	10:56:08	progstart	XXXX	Start Programm
23.09.2010	17:13:57	Administrator	XXXX	Ende Programm
24.09.2010	09:56:03	progstart	XXXX	Start Programm
24.09.2010	13:40:11	Administrator	XXXX	Ende Programm
27.09.2010	13:38:04	progstart	XXXX	Start Programm
29.09.2010	16:14:01	Administrator	XXXX	Ende Programm
30.09.2010	11:22:07	progstart	XXXX	Start Programm
30.09.2010	15:55:23	Administrator	5061	Fehler NI PCI 6229, AI ### DAQmx Read (Analog 2D DBL NChan NSamp).vi:3<append>
<B>Eigenschaft: </B>RelativZu
<B>Zugehöriger Wert: </B>Aktuelle Leseposition

<B>Eigenschaft: </B>Offset
<B>Zugehöriger Wert: </B>


<B>Task-Name: </B>task-6229-AI (-200279)
30.09.2010	15:55:23	Administrator	5001	Fehler Betrieb Datenerfassung
30.09.2010	15:55:23	Administrator	6696	Skalierung AO-Vipa: Fehler Array-Groesse ungleich
30.09.2010	15:57:55	Administrator	XXXX	Ende Programm
30.09.2010	15:57:58	progstart	XXXX	Start Programm
30.09.2010	15:58:12		XXXX	Ende Programm
30.09.2010	15:58:17	progstart	XXXX	Start Programm
03.10.2010	16:47:50	Administrator	5008	Fehler AI alle Messwerte lesen
03.10.2010	16:47:50	Administrator	9053	Fehler Messwerte holen
03.10.2010	16:47:50	Administrator	5001	Fehler Betrieb Datenerfassung
03.10.2010	16:47:50	Administrator	6696	Skalierung AO-Vipa: Fehler Array-Groesse ungleich
04.10.2010	09:25:47	Administrator	XXXX	Ende Programm
04.10.2010	09:27:23	progstart	XXXX	Start Programm
04.10.2010	09:29:06	autologin	XXXX	Ende Programm
04.10.2010	09:47:29	progstart	XXXX	Start Programm
07.10.2010	10:37:46	Administrator	5008	Fehler AI alle Messwerte lesen
07.10.2010	10:37:46	Administrator	9053	Fehler Messwerte holen
07.10.2010	10:37:46	Administrator	5001	Fehler Betrieb Datenerfassung
07.10.2010	10:37:46	Administrator	6696	Skalierung AO-Vipa: Fehler Array-Groesse ungleich
07.10.2010	10:41:05	Administrator	XXXX	Ende Programm
07.10.2010	10:41:13	progstart	XXXX	Start Programm
07.10.2010	10:43:42	Administrator	XXXX	Fehler 62 bei Verbindung mit SI-Z7508 [192.168.5.1].
08.10.2010	17:32:04	Administrator	XXXX	Ende Programm
11.10.2010	14:30:24	progstart	XXXX	Start Programm
11.10.2010	14:32:58	Administrator	XXXX	Ende Programm
11.10.2010	14:40:19	progstart	XXXX	Start Programm
14.10.2010	15:51:11	progstart	XXXX	Start Programm
14.10.2010	15:51:26	autologin	XXXX	Ende Programm
14.10.2010	16:01:09	progstart	XXXX	Start Programm
17.10.2010	16:50:03	Administrator	5008	Fehler AI alle Messwerte lesen
17.10.2010	16:50:03	Administrator	9053	Fehler Messwerte holen
17.10.2010	16:50:03	Administrator	5001	Fehler Betrieb Datenerfassung
17.10.2010	16:50:03	Administrator	6696	Skalierung AO-Vipa: Fehler Array-Groesse ungleich
18.10.2010	08:47:02	Administrator	XXXX	Ende Programm
18.10.2010	08:47:09	progstart	XXXX	Start Programm
19.10.2010	16:47:13	Administrator	XXXX	Ende Programm
19.10.2010	17:40:07	progstart	XXXX	Start Programm
19.10.2010	18:26:23	autologin	XXXX	Ende Programm
20.10.2010	11:10:18	progstart	XXXX	Start Programm
22.10.2010	15:11:27	Administrator	XXXX	Ende Programm
25.10.2010	10:02:13	progstart	XXXX	Start Programm
28.10.2010	10:51:19	Administrator	5008	Fehler AI alle Messwerte lesen
28.10.2010	10:51:19	Administrator	9053	Fehler Messwerte holen
28.10.2010	10:51:19	Administrator	5001	Fehler Betrieb Datenerfassung
28.10.2010	10:51:19	Administrator	6696	Skalierung AO-Vipa: Fehler Array-Groesse ungleich
28.10.2010	10:55:01	Administrator	XXXX	Ende Programm
28.10.2010	10:55:05	progstart	XXXX	Start Programm
31.10.2010	10:44:28	Administrator	5008	Fehler AI alle Messwerte lesen
31.10.2010	10:44:28	Administrator	9053	Fehler Messwerte holen
31.10.2010	10:44:28	Administrator	5001	Fehler Betrieb Datenerfassung
31.10.2010	10:44:28	Administrator	6696	Skalierung AO-Vipa: Fehler Array-Groesse ungleich
02.11.2010	08:54:20	Administrator	XXXX	Ende Programm
02.11.2010	08:54:23	progstart	XXXX	Start Programm
04.11.2010	10:03:35	Administrator	XXXX	Ende Programm
04.11.2010	16:37:58	progstart	XXXX	Start Programm
04.11.2010	17:18:39	Administrator	XXXX	Ende Programm
08.11.2010	13:09:04	progstart	XXXX	Start Programm
08.11.2010	15:58:45	Administrator	XXXX	Ende Programm
11.11.2010	15:20:23	progstart	XXXX	Start Programm
11.11.2010	18:53:01	Administrator	XXXX	Ende Programm
15.11.2010	10:59:24	progstart	XXXX	Start Programm
15.11.2010	15:34:19	Administrator	XXXX	Ende Programm
16.11.2010	14:15:21	progstart	XXXX	Start Programm
16.11.2010	17:46:19	Administrator	XXXX	Ende Programm
18.11.2010	14:38:07	progstart	XXXX	Start Programm
18.11.2010	14:38:51	autologin	XXXX	Ende Programm
02.12.2010	13:51:28	progstart	XXXX	Start Programm
02.12.2010	14:08:56	Administrator	XXXX	Ende Programm
03.12.2010	13:16:01	progstart	XXXX	Start Programm
03.12.2010	14:06:05	autologin	XXXX	Ende Programm
07.12.2010	16:45:53	progstart	XXXX	Start Programm
07.12.2010	16:46:26	autologin	XXXX	Ende Programm
07.12.2010	17:01:04	progstart	XXXX	Start Programm
07.12.2010	19:04:35	Administrator	XXXX	Ende Programm
08.12.2010	11:36:12	progstart	XXXX	Start Programm
08.12.2010	14:31:44	Administrator	XXXX	Ende Programm
08.12.2010	14:46:17	progstart	XXXX	Start Programm
08.12.2010	18:30:57	Administrator	XXXX	Ende Programm
09.12.2010	11:31:30	progstart	XXXX	Start Programm
09.12.2010	18:32:14	Administrator	XXXX	Ende Programm
10.12.2010	15:13:03	progstart	XXXX	Start Programm
13.12.2010	15:27:42	progstart	XXXX	Start Programm
13.12.2010	16:50:35	Administrator	XXXX	Ende Programm
14.12.2010	12:02:12	progstart	XXXX	Start Programm
14.12.2010	18:25:38	Administrator	XXXX	Ende Programm
15.12.2010	09:57:13	progstart	XXXX	Start Programm
22.12.2010	10:53:40	progstart	XXXX	Start Programm
22.12.2010	15:52:46	Administrator	XXXX	Ende Programm
03.01.2011	14:27:58	progstart	XXXX	Start Programm
03.01.2011	15:02:16	Administrator	XXXX	Ende Programm
13.01.2011	13:47:23	progstart	XXXX	Start Programm
13.01.2011	13:47:36	autologin	XXXX	Ende Programm
13.01.2011	13:48:06	progstart	XXXX	Start Programm
13.01.2011	15:58:03	Administrator	XXXX	Ende Programm
14.01.2011	10:29:40	progstart	XXXX	Start Programm
14.01.2011	15:44:58	Administrator	XXXX	Ende Programm
18.01.2011	10:10:29	progstart	XXXX	Start Programm
18.01.2011	14:47:33	Administrator	XXXX	Ende Programm
20.01.2011	10:16:05	progstart	XXXX	Start Programm
20.01.2011	15:10:15	Administrator	XXXX	Ende Programm
21.01.2011	08:00:34	progstart	XXXX	Start Programm
21.01.2011	15:19:50	Administrator	XXXX	Ende Programm
25.01.2011	08:08:36	progstart	XXXX	Start Programm
25.01.2011	15:15:09	Administrator	XXXX	Ende Programm
27.01.2011	13:13:50	progstart	XXXX	Start Programm
27.01.2011	13:24:12	Administrator	XXXX	Fehler 62 bei Verbindung mit SI-Z7508 [192.168.5.1].
31.01.2011	12:22:06	Administrator	XXXX	Ende Programm
01.02.2011	16:23:53	progstart	XXXX	Start Programm
01.02.2011	16:25:52	Administrator	XXXX	Ende Programm
