\BOOKMARK [0][-]{Hilfszaehler.2}{Nomenklatur}{}% 1
\BOOKMARK [0][-]{Hilfszaehler.3}{Abbildungsverzeichnis}{}% 2
\BOOKMARK [0][-]{Hilfszaehler.4}{Tabellenverzeichnis}{}% 3
\BOOKMARK [0][-]{Hilfszaehler.5}{Vorwort}{}% 4
\BOOKMARK [0][-]{chapter.1}{Teil1}{}% 5
\BOOKMARK [1][-]{section.1.1}{Motivation}{chapter.1}% 6
\BOOKMARK [1][-]{section.1.2}{Der Enthalpie\374bertrager}{chapter.1}% 7
\BOOKMARK [1][-]{section.1.3}{Die Membran}{chapter.1}% 8
\BOOKMARK [1][-]{section.1.4}{Stand der Technik}{chapter.1}% 9
\BOOKMARK [0][-]{chapter.2}{Teil2}{}% 10
\BOOKMARK [1][-]{section.2.1}{Modell}{chapter.2}% 11
\BOOKMARK [2][-]{subsection.2.1.1}{Stofftransport}{section.2.1}% 12
\BOOKMARK [2][-]{subsection.2.1.2}{Zusammenfassend}{section.2.1}% 13
\BOOKMARK [0][-]{chapter.3}{Teil3}{}% 14
\BOOKMARK [1][-]{section.3.1}{Pr\374fstandsaufbau}{chapter.3}% 15
\BOOKMARK [2][-]{subsection.3.1.1}{Air Handling Units}{section.3.1}% 16
\BOOKMARK [2][-]{subsection.3.1.2}{Pr\374fbox}{section.3.1}% 17
\BOOKMARK [2][-]{subsection.3.1.3}{Messsensoren}{section.3.1}% 18
\BOOKMARK [1][-]{section.3.2}{Berechnung der Feuchte Werte}{chapter.3}% 19
\BOOKMARK [2][-]{subsection.3.2.1}{Berechnung der Absoluten Feuchte}{section.3.2}% 20
\BOOKMARK [2][-]{subsection.3.2.2}{Berechnung der relativen Feuchte}{section.3.2}% 21
\BOOKMARK [0][-]{chapter.4}{Teil4}{}% 22
\BOOKMARK [1][-]{section.4.1}{Enthalpie\374bertrager}{chapter.4}% 23
\BOOKMARK [0][-]{chapter.5}{Teil5}{}% 24
\BOOKMARK [1][-]{section.5.1}{Temperaturmessung an den Abstr\366mfl\344chen}{chapter.5}% 25
\BOOKMARK [0][-]{Hilfszaehler.6}{Literaturverzeichnis}{}% 26
\BOOKMARK [0][-]{appendix.A}{Wichtiger Anhang 1}{}% 27
\BOOKMARK [1][-]{section.A.1}{Die Versalien}{appendix.A}% 28
\BOOKMARK [0][-]{appendix.B}{\304hnlich wichtiger Anhang}{}% 29
