18.04.2009	21:21:40	progstart	XXXX	Start Programm
18.04.2009	21:21:42	progstart	7601	Schluessel in Sprachdatei nicht gefunden ### Key: 5300
18.04.2009	21:21:42	progstart	7603	Fehler bei Uebersetzung Fehlertext
18.04.2009	21:21:50	progstart	5060	Fehler NI PCI 6229, AO ### DAQmx Create Channel (AO-Voltage-Basic).vi:2<append>
<B>Ger‰t: </B>Dev0
<B>Name des physikalischen Kanals: </B>ao2

<B>Task-Name: </B>task-6229-AO (-200170)
18.04.2009	21:21:50	progstart	5001	Fehler Betrieb Datenerfassung
18.04.2009	21:21:52	progstart	XXXX	Ende Programm
18.04.2009	21:23:44	progstart	XXXX	Start Programm
18.04.2009	21:25:14	progstart	XXXX	Start Programm
18.04.2009	21:29:40	progstart	XXXX	Start Programm
18.04.2009	21:30:32	progstart	XXXX	Start Programm
18.04.2009	21:39:51	autologin	XXXX	Ende Programm
20.04.2009	12:43:28	progstart	XXXX	Start Programm
20.04.2009	12:43:32	autologin	6686	Fehler Eing‰nge Analog  ### CH 22  IST_31A1 (-0,01%)
20.04.2009	12:43:49	autologin	XXXX	Ende Programm
20.04.2009	12:44:33	progstart	XXXX	Start Programm
20.04.2009	12:44:37	autologin	6686	Fehler Eing‰nge Analog  ### CH 22  IST_31A1 (-0,01%)
20.04.2009	12:44:52	autologin	XXXX	Ende Programm
20.04.2009	12:46:05	progstart	XXXX	Start Programm
20.04.2009	12:46:10		6686	Fehler Eing‰nge Analog  ### CH 22  IST_31A1 (-0,01%)
20.04.2009	12:48:12		XXXX	Ende Programm
20.04.2009	14:31:45	progstart	XXXX	Start Programm
20.04.2009	14:31:49	autologin	6686	Fehler Eing‰nge Analog  ### CH 22  IST_31A1 (-24,40%)
20.04.2009	14:31:59	autologin	XXXX	Ende Programm
20.04.2009	14:32:04	progstart	XXXX	Start Programm
20.04.2009	14:32:08		6686	Fehler Eing‰nge Analog  ### CH 22  IST_31A1 (-0,01%)
20.04.2009	14:34:25		XXXX	Ende Programm
20.04.2009	14:34:32	progstart	XXXX	Start Programm
20.04.2009	14:34:36	autologin	6686	Fehler Eing‰nge Analog  ### CH 22  IST_31A1 (-0,01%)
20.04.2009	14:35:31	autologin	XXXX	Ende Programm
20.04.2009	14:39:13	progstart	XXXX	Start Programm
20.04.2009	14:40:46	autologin	XXXX	Ende Programm
20.04.2009	14:41:31	progstart	XXXX	Start Programm
20.04.2009	14:45:03	autologin	9059	Fehler Autozero, Offset zu groﬂ ###  (8,96 hPa) 
20.04.2009	15:08:48	autologin	XXXX	Ende Programm
20.04.2009	15:19:20	progstart	XXXX	Start Programm
20.04.2009	18:11:32	autologin	XXXX	Ende Programm
21.04.2009	10:04:37	progstart	XXXX	Start Programm
21.04.2009	18:54:53	autologin	XXXX	Ende Programm
22.04.2009	13:44:48	progstart	XXXX	Start Programm
22.04.2009	17:17:15	autologin	XXXX	Ende Programm
27.04.2009	11:01:12	progstart	XXXX	Start Programm
27.04.2009	11:08:51	autologin	XXXX	Ende Programm
27.04.2009	14:21:24	progstart	XXXX	Start Programm
27.04.2009	17:24:17	autologin	XXXX	Ende Programm
27.04.2009	17:24:34	progstart	XXXX	Start Programm
27.04.2009	17:30:16	autologin	XXXX	Ende Programm
27.04.2009	17:34:02	progstart	XXXX	Start Programm
27.04.2009	18:02:24	autologin	XXXX	Ende Programm
28.04.2009	09:35:48	progstart	XXXX	Start Programm
28.04.2009	11:24:03	autologin	XXXX	Ende Programm
28.04.2009	14:40:35	progstart	XXXX	Start Programm
28.04.2009	15:07:50	autologin	XXXX	Ende Programm
29.04.2009	10:04:16	progstart	XXXX	Start Programm
29.04.2009	11:28:34	autologin	XXXX	Ende Programm
