18.04.2009	21:21:40	progstart	XXXX	Start Programm
18.04.2009	21:21:42	progstart	7601	Schluessel in Sprachdatei nicht gefunden ### Key: 5300
18.04.2009	21:21:42	progstart	7603	Fehler bei Uebersetzung Fehlertext
18.04.2009	21:21:50	progstart	5060	Fehler NI PCI 6229, AO ### DAQmx Create Channel (AO-Voltage-Basic).vi:2<append>
<B>Gerät: </B>Dev0
<B>Name des physikalischen Kanals: </B>ao2

<B>Task-Name: </B>task-6229-AO (-200170)
18.04.2009	21:21:50	progstart	5001	Fehler Betrieb Datenerfassung
18.04.2009	21:21:52	progstart	XXXX	Ende Programm
18.04.2009	21:23:44	progstart	XXXX	Start Programm
18.04.2009	21:25:14	progstart	XXXX	Start Programm
18.04.2009	21:29:40	progstart	XXXX	Start Programm
18.04.2009	21:30:32	progstart	XXXX	Start Programm
18.04.2009	21:39:51	autologin	XXXX	Ende Programm
20.04.2009	12:43:28	progstart	XXXX	Start Programm
20.04.2009	12:43:32	autologin	6686	Fehler Eingänge Analog  ### CH 22  IST_31A1 (-0,01%)
20.04.2009	12:43:49	autologin	XXXX	Ende Programm
20.04.2009	12:44:33	progstart	XXXX	Start Programm
20.04.2009	12:44:37	autologin	6686	Fehler Eingänge Analog  ### CH 22  IST_31A1 (-0,01%)
20.04.2009	12:44:52	autologin	XXXX	Ende Programm
20.04.2009	12:46:05	progstart	XXXX	Start Programm
20.04.2009	12:46:10		6686	Fehler Eingänge Analog  ### CH 22  IST_31A1 (-0,01%)
20.04.2009	12:48:12		XXXX	Ende Programm
20.04.2009	14:31:45	progstart	XXXX	Start Programm
20.04.2009	14:31:49	autologin	6686	Fehler Eingänge Analog  ### CH 22  IST_31A1 (-24,40%)
20.04.2009	14:31:59	autologin	XXXX	Ende Programm
20.04.2009	14:32:04	progstart	XXXX	Start Programm
20.04.2009	14:32:08		6686	Fehler Eingänge Analog  ### CH 22  IST_31A1 (-0,01%)
20.04.2009	14:34:25		XXXX	Ende Programm
20.04.2009	14:34:32	progstart	XXXX	Start Programm
20.04.2009	14:34:36	autologin	6686	Fehler Eingänge Analog  ### CH 22  IST_31A1 (-0,01%)
20.04.2009	14:35:31	autologin	XXXX	Ende Programm
20.04.2009	14:39:13	progstart	XXXX	Start Programm
20.04.2009	14:40:46	autologin	XXXX	Ende Programm
20.04.2009	14:41:31	progstart	XXXX	Start Programm
20.04.2009	14:45:03	autologin	9059	Fehler Autozero, Offset zu groß ###  (8,96 hPa) 
20.04.2009	15:08:48	autologin	XXXX	Ende Programm
20.04.2009	15:19:20	progstart	XXXX	Start Programm
20.04.2009	18:11:32	autologin	XXXX	Ende Programm
21.04.2009	10:04:37	progstart	XXXX	Start Programm
21.04.2009	18:54:53	autologin	XXXX	Ende Programm
22.04.2009	13:44:48	progstart	XXXX	Start Programm
22.04.2009	17:17:15	autologin	XXXX	Ende Programm
27.04.2009	11:01:12	progstart	XXXX	Start Programm
27.04.2009	11:08:51	autologin	XXXX	Ende Programm
27.04.2009	14:21:24	progstart	XXXX	Start Programm
27.04.2009	17:24:17	autologin	XXXX	Ende Programm
27.04.2009	17:24:34	progstart	XXXX	Start Programm
27.04.2009	17:30:16	autologin	XXXX	Ende Programm
27.04.2009	17:34:02	progstart	XXXX	Start Programm
27.04.2009	18:02:24	autologin	XXXX	Ende Programm
28.04.2009	09:35:48	progstart	XXXX	Start Programm
28.04.2009	11:24:03	autologin	XXXX	Ende Programm
28.04.2009	14:40:35	progstart	XXXX	Start Programm
28.04.2009	15:07:50	autologin	XXXX	Ende Programm
29.04.2009	10:04:16	progstart	XXXX	Start Programm
29.04.2009	11:28:34	autologin	XXXX	Ende Programm
29.04.2009	11:31:40	progstart	XXXX	Start Programm
29.04.2009	11:55:24	autologin	XXXX	Ende Programm
29.04.2009	12:36:04	progstart	XXXX	Start Programm
29.04.2009	18:44:51	autologin	XXXX	Ende Programm
30.04.2009	08:28:00	progstart	XXXX	Start Programm
30.04.2009	17:00:30	autologin	XXXX	Ende Programm
04.05.2009	14:15:50	progstart	XXXX	Start Programm
04.05.2009	15:53:32	autologin	XXXX	Ende Programm
04.05.2009	15:59:57	progstart	XXXX	Start Programm
04.05.2009	17:48:49	autologin	XXXX	Ende Programm
05.05.2009	08:42:27	progstart	XXXX	Start Programm
05.05.2009	16:03:15	autologin	XXXX	Ende Programm
05.05.2009	16:10:22	progstart	XXXX	Start Programm
05.05.2009	16:16:14	autologin	XXXX	Ende Programm
06.05.2009	14:33:06	progstart	XXXX	Start Programm
06.05.2009	16:30:58	autologin	XXXX	Ende Programm
06.05.2009	16:31:39	progstart	XXXX	Start Programm
06.05.2009	16:31:48	autologin	XXXX	Ende Programm
06.05.2009	16:31:52	progstart	XXXX	Start Programm
06.05.2009	16:32:04	autologin	XXXX	Ende Programm
06.05.2009	16:32:10	progstart	XXXX	Start Programm
06.05.2009	16:34:10	progstart	XXXX	Start Programm
06.05.2009	18:20:30	autologin	XXXX	Ende Programm
06.05.2009	18:20:40	progstart	XXXX	Start Programm
06.05.2009	18:27:38	Administrator	9059	Fehler Autozero, Offset zu groß ###  (1,09 hPa) 
06.05.2009	18:33:20	Administrator	XXXX	Ende Programm
06.05.2009	18:55:01	progstart	XXXX	Start Programm
06.05.2009	18:57:36	Administrator	XXXX	Ende Programm
06.05.2009	18:57:44	progstart	XXXX	Start Programm
06.05.2009	19:14:26	Einrichter	XXXX	Ende Programm
07.05.2009	10:39:29	progstart	XXXX	Start Programm
07.05.2009	10:41:28	autologin	XXXX	Ende Programm
07.05.2009	13:45:04	progstart	XXXX	Start Programm
07.05.2009	18:03:29	autologin	XXXX	Ende Programm
07.05.2009	18:03:43	progstart	XXXX	Start Programm
07.05.2009	18:04:33	autologin	XXXX	Ende Programm
08.05.2009	12:58:51	progstart	XXXX	Start Programm
08.05.2009	12:59:13	autologin	XXXX	Ende Programm
08.05.2009	12:59:16	progstart	XXXX	Start Programm
11.05.2009	15:06:42	progstart	XXXX	Start Programm
11.05.2009	17:57:44	autologin	XXXX	Ende Programm
12.05.2009	16:46:16	progstart	XXXX	Start Programm
12.05.2009	17:19:21	autologin	XXXX	Ende Programm
13.05.2009	08:44:46	progstart	XXXX	Start Programm
13.05.2009	12:46:03	autologin	XXXX	Ende Programm
18.05.2009	15:47:59	progstart	XXXX	Start Programm
18.05.2009	15:50:54	autologin	XXXX	Ende Programm
18.05.2009	15:54:23	progstart	XXXX	Start Programm
18.05.2009	17:35:14	autologin	XXXX	Ende Programm
19.05.2009	13:27:15	progstart	XXXX	Start Programm
19.05.2009	17:25:22	autologin	XXXX	Ende Programm
19.05.2009	17:26:38	progstart	XXXX	Start Programm
19.05.2009	18:10:32	autologin	XXXX	Ende Programm
20.05.2009	08:29:59	progstart	XXXX	Start Programm
20.05.2009	16:25:33	autologin	XXXX	Ende Programm
03.06.2009	16:13:12	progstart	XXXX	Start Programm
04.06.2009	15:05:12	progstart	XXXX	Start Programm
04.06.2009	15:25:17	autologin	XXXX	Ende Programm
08.06.2009	16:42:16	progstart	XXXX	Start Programm
08.06.2009	16:54:05	autologin	XXXX	Ende Programm
08.06.2009	16:58:22	progstart	XXXX	Start Programm
08.06.2009	17:04:44	autologin	XXXX	Ende Programm
08.06.2009	17:04:48	progstart	XXXX	Start Programm
08.06.2009	18:02:30	autologin	XXXX	Ende Programm
17.06.2009	09:55:26	progstart	XXXX	Start Programm
17.06.2009	09:55:50	autologin	XXXX	Ende Programm

18.06.2009	13:35:08	progstart	XXXX	Start Programm
18.06.2009	13:35:10	progstart	5060	Fehler NI PCI 6229, AO ### DAQmx Reset Device.vi:13<append>
<B>Angegebenes Gerät: </B>P5507 (-200220)
18.06.2009	13:35:10	progstart	5000	Fehler Initialisierung Datenerfassung
18.06.2009	13:35:11	progstart	6695	Fehler ArrayGroesse ungleich
18.06.2009	13:35:11	progstart	5001	Fehler Betrieb Datenerfassung
18.06.2009	13:35:11	progstart	6696	Skalierung AO-Vipa: Fehler Array-Groesse ungleich
18.06.2009	13:35:13	progstart	XXXX	Ende Programm
18.06.2009	13:36:45	progstart	XXXX	Start Programm
18.06.2009	14:13:21	autologin	XXXX	Ende Programm
18.06.2009	14:13:27	progstart	XXXX	Start Programm
18.06.2009	15:32:42	autologin	5061	Fehler NI PCI 6229, AI ### DAQmx Read (Analog 2D DBL NChan NSamp).vi:3<append>
<B>Eigenschaft: </B>RelativZu
<B>Zugehöriger Wert: </B>Aktuelle Leseposition

<B>Eigenschaft: </B>Offset
<B>Zugehöriger Wert: </B>


<B>Task-Name: </B>task-6229-AI (-200279)
18.06.2009	15:32:42	autologin	5001	Fehler Betrieb Datenerfassung
18.06.2009	15:32:43	autologin	6696	Skalierung AO-Vipa: Fehler Array-Groesse ungleich
18.06.2009	15:32:43	autologin	6071	Expansion: Parameter ist null !
18.06.2009	15:33:03	autologin	6071	Expansion: Parameter ist null !
18.06.2009	15:33:41	autologin	XXXX	Ende Programm
18.06.2009	15:34:01	progstart	XXXX	Start Programm
18.06.2009	15:40:58	autologin	5061	Fehler NI PCI 6229, AI ### DAQmx Read (Analog 2D DBL NChan NSamp).vi:3<append>
<B>Eigenschaft: </B>RelativZu
<B>Zugehöriger Wert: </B>Aktuelle Leseposition

<B>Eigenschaft: </B>Offset
<B>Zugehöriger Wert: </B>


<B>Task-Name: </B>task-6229-AI (-200279)
18.06.2009	15:40:58	autologin	5001	Fehler Betrieb Datenerfassung
18.06.2009	15:40:58	autologin	6696	Skalierung AO-Vipa: Fehler Array-Groesse ungleich
18.06.2009	15:40:58	autologin	6071	Expansion: Parameter ist null !
18.06.2009	15:42:22	autologin	6071	Expansion: Parameter ist null !
18.06.2009	15:42:25	autologin	XXXX	Ende Programm
18.06.2009	15:42:29	progstart	XXXX	Start Programm
18.06.2009	15:43:03	autologin	XXXX	Ende Programm
18.06.2009	15:43:10	progstart	XXXX	Start Programm
18.06.2009	15:43:33	autologin	XXXX	Ende Programm
18.06.2009	15:43:40	progstart	XXXX	Start Programm
18.06.2009	15:46:10	autologin	5061	Fehler NI PCI 6229, AI ### DAQmx Read (Analog 2D DBL NChan NSamp).vi:3<append>
<B>Eigenschaft: </B>RelativZu
<B>Zugehöriger Wert: </B>Aktuelle Leseposition

<B>Eigenschaft: </B>Offset
<B>Zugehöriger Wert: </B>


<B>Task-Name: </B>task-6229-AI (-200279)
18.06.2009	15:46:10	autologin	5001	Fehler Betrieb Datenerfassung
18.06.2009	15:46:10	autologin	6696	Skalierung AO-Vipa: Fehler Array-Groesse ungleich
18.06.2009	15:46:11	autologin	6071	Expansion: Parameter ist null !
18.06.2009	15:46:39	autologin	6071	Expansion: Parameter ist null !
18.06.2009	15:47:14	autologin	XXXX	Ende Programm
18.06.2009	15:47:19	progstart	XXXX	Start Programm
18.06.2009	17:10:26	autologin	XXXX	Ende Programm
19.06.2009	09:22:25	progstart	XXXX	Start Programm
19.06.2009	09:28:25	ep	XXXX	Ende Programm
19.06.2009	14:24:21	progstart	XXXX	Start Programm
19.06.2009	14:27:13	autologin	XXXX	Ende Programm
19.06.2009	14:46:10	progstart	XXXX	Start Programm
19.06.2009	16:07:22	autologin	XXXX	Ende Programm
19.06.2009	16:08:56	progstart	XXXX	Start Programm
19.06.2009	16:58:23	Administrator	XXXX	Ende Programm
19.06.2009	16:58:54	progstart	XXXX	Start Programm
19.06.2009	17:04:34	autologin	XXXX	Ende Programm
22.06.2009	15:20:49	progstart	XXXX	Start Programm
22.06.2009	15:41:05	autologin	XXXX	Ende Programm
02.07.2009	12:23:40	progstart	XXXX	Start Programm
02.07.2009	15:11:33	autologin	5061	Fehler NI PCI 6229, AI ### DAQmx Read (Analog 2D DBL NChan NSamp).vi:3<append>
<B>Eigenschaft: </B>RelativZu
<B>Zugehöriger Wert: </B>Aktuelle Leseposition

<B>Eigenschaft: </B>Offset
<B>Zugehöriger Wert: </B>


<B>Task-Name: </B>task-6229-AI (-200279)
02.07.2009	15:11:33	autologin	5001	Fehler Betrieb Datenerfassung
02.07.2009	15:11:33	autologin	6696	Skalierung AO-Vipa: Fehler Array-Groesse ungleich
02.07.2009	15:11:33	autologin	6071	Expansion: Parameter ist null !
02.07.2009	15:27:24	autologin	6071	Expansion: Parameter ist null !
02.07.2009	15:27:39	autologin	XXXX	Ende Programm
02.07.2009	15:27:42	progstart	XXXX	Start Programm
02.07.2009	17:02:54	autologin	XXXX	Ende Programm
06.07.2009	09:30:51	progstart	XXXX	Start Programm
06.07.2009	09:35:40	autologin	XXXX	Ende Programm
06.07.2009	10:16:44	progstart	XXXX	Start Programm
06.07.2009	10:16:51	progstart	XXXX	Ende Programm
06.07.2009	10:17:08	progstart	XXXX	Start Programm
06.07.2009	10:17:13	progstart	XXXX	Ende Programm
06.07.2009	10:19:20	progstart	XXXX	Start Programm
06.07.2009	10:19:28	progstart	XXXX	Ende Programm
06.07.2009	10:19:34	progstart	XXXX	Start Programm
06.07.2009	10:19:39	progstart	XXXX	Ende Programm
06.07.2009	10:20:00	progstart	XXXX	Start Programm
06.07.2009	10:20:19	progstart	XXXX	Ende Programm
06.07.2009	10:21:12	progstart	XXXX	Start Programm
06.07.2009	10:21:17	progstart	XXXX	Ende Programm
06.07.2009	10:21:48	progstart	XXXX	Start Programm
06.07.2009	10:21:53	progstart	XXXX	Ende Programm
06.07.2009	10:26:34	progstart	XXXX	Start Programm
06.07.2009	10:26:40	progstart	XXXX	Ende Programm
06.07.2009	10:49:37	progstart	XXXX	Start Programm
06.07.2009	10:49:54	progstart	XXXX	Ende Programm
08.07.2009	13:43:30	progstart	XXXX	Start Programm
08.07.2009	14:20:01	autologin	5061	Fehler NI PCI 6229, AI ### DAQmx Read (Analog 2D DBL NChan NSamp).vi:3<append>
<B>Eigenschaft: </B>RelativZu
<B>Zugehöriger Wert: </B>Aktuelle Leseposition

<B>Eigenschaft: </B>Offset
<B>Zugehöriger Wert: </B>


<B>Task-Name: </B>task-6229-AI (-200279)
08.07.2009	14:20:01	autologin	5001	Fehler Betrieb Datenerfassung
08.07.2009	14:20:01	autologin	6696	Skalierung AO-Vipa: Fehler Array-Groesse ungleich
08.07.2009	14:20:01	autologin	6071	Expansion: Parameter ist null !
08.07.2009	14:20:36	autologin	6071	Expansion: Parameter ist null !
08.07.2009	14:22:04	autologin	XXXX	Ende Programm
08.07.2009	14:22:08	progstart	XXXX	Start Programm
08.07.2009	14:52:47	autologin	XXXX	Ende Programm
08.07.2009	20:12:32	progstart	XXXX	Start Programm
08.07.2009	20:13:04	autologin	XXXX	Ende Programm
10.07.2009	15:12:36	progstart	XXXX	Start Programm
10.07.2009	15:22:03	autologin	XXXX	Ende Programm
10.07.2009	15:27:09	progstart	XXXX	Start Programm
14.07.2009	10:54:40	autologin	XXXX	Ende Programm
14.07.2009	13:03:00	progstart	XXXX	Start Programm
14.07.2009	16:12:24	autologin	XXXX	Ende Programm
14.07.2009	16:12:38	progstart	XXXX	Start Programm
14.07.2009	16:14:08	progstart	XXXX	Ende Programm
14.07.2009	16:14:13	progstart	XXXX	Start Programm
14.07.2009	16:14:18	progstart	XXXX	Ende Programm
14.07.2009	16:20:56	progstart	XXXX	Start Programm
14.07.2009	16:21:01	progstart	XXXX	Ende Programm
14.07.2009	16:22:46	progstart	XXXX	Start Programm
14.07.2009	16:22:55	progstart	XXXX	Ende Programm
14.07.2009	16:26:29	progstart	XXXX	Start Programm
14.07.2009	16:26:35	progstart	XXXX	Ende Programm
14.07.2009	16:40:41	progstart	XXXX	Start Programm
14.07.2009	16:41:35	autologin	XXXX	Ende Programm
14.07.2009	18:38:53	progstart	XXXX	Start Programm
14.07.2009	18:39:00	progstart	XXXX	Ende Programm
14.07.2009	18:41:11	progstart	XXXX	Start Programm
14.07.2009	18:41:17	progstart	XXXX	Ende Programm
14.07.2009	18:42:07	progstart	XXXX	Start Programm
14.07.2009	18:42:12	progstart	XXXX	Ende Programm
14.07.2009	18:42:50	progstart	XXXX	Start Programm
14.07.2009	18:42:55	progstart	XXXX	Ende Programm
14.07.2009	18:43:38	progstart	XXXX	Start Programm
14.07.2009	18:43:43	progstart	XXXX	Ende Programm
14.07.2009	18:45:48	progstart	XXXX	Start Programm
14.07.2009	18:45:53	progstart	XXXX	Ende Programm
14.07.2009	18:46:36	progstart	XXXX	Start Programm
14.07.2009	18:46:41	progstart	XXXX	Ende Programm
14.07.2009	18:48:09	progstart	XXXX	Start Programm
14.07.2009	18:48:14	progstart	XXXX	Ende Programm
14.07.2009	18:49:35	progstart	XXXX	Start Programm
14.07.2009	18:49:39	progstart	XXXX	Ende Programm
14.07.2009	18:57:58	progstart	XXXX	Start Programm
14.07.2009	18:58:02	progstart	XXXX	Ende Programm
14.07.2009	18:59:24	progstart	XXXX	Start Programm
14.07.2009	18:59:30	progstart	XXXX	Ende Programm
14.07.2009	18:59:45	progstart	XXXX	Start Programm
14.07.2009	18:59:50	progstart	XXXX	Ende Programm
14.07.2009	19:01:21	progstart	XXXX	Start Programm
14.07.2009	19:01:26	progstart	XXXX	Ende Programm
15.07.2009	10:16:58	progstart	XXXX	Start Programm
15.07.2009	10:17:04	progstart	XXXX	Ende Programm
15.07.2009	10:42:13	progstart	XXXX	Start Programm
15.07.2009	11:37:42	autologin	XXXX	Ende Programm
17.07.2009	13:10:14	progstart	XXXX	Start Programm
17.07.2009	13:37:06	autologin	XXXX	Ende Programm
20.07.2009	09:48:42	progstart	XXXX	Start Programm
20.07.2009	09:48:43	progstart	XXXX	Erstelle neue Regler.dat.
20.07.2009	09:49:03	progstart	XXXX	- Fehler Konfiguration lesen -	Datei:Regler.DAT	Section:Regler_4	Key:Offset_Nachfüllen_kg/h
20.07.2009	09:50:44	progstart	XXXX	- Fehler Konfiguration lesen -	Datei:Regler.DAT	Section:Regler_4	Key:Faktor_Nachfüllen
20.07.2009	09:51:01	progstart	XXXX	- Fehler Konfiguration lesen -	Datei:Regler.DAT	Section:Regler_5	Key:Offset_Nachfüllen_kg/h
20.07.2009	09:51:11	progstart	XXXX	- Fehler Konfiguration lesen -	Datei:Regler.DAT	Section:Regler_5	Key:Faktor_Nachfüllen
20.07.2009	09:51:11	progstart	XXXX	- Fehler Konfiguration lesen -	Datei:Regler.DAT	Section:Regler_6	Key:Init
20.07.2009	09:51:27	progstart	XXXX	- Fehler Konfiguration lesen -	Datei:Regler.DAT	Section:Regler_7	Key:Anhalten L_limit
20.07.2009	09:51:48	progstart	XXXX	- Fehler Konfiguration lesen -	Datei:Regler.DAT	Section:Regler_7	Key:Anhalten H_limit
20.07.2009	09:51:57	progstart	XXXX	- Fehler Konfiguration lesen -	Datei:Regler.DAT	Section:Regler_7	Key:Stellwert < ?%
20.07.2009	09:52:19	progstart	XXXX	- Fehler Konfiguration lesen -	Datei:Regler.DAT	Section:Regler_7	Key:Stellwert > ?%
20.07.2009	09:52:21	progstart	XXXX	- Fehler Konfiguration lesen -	Datei:Regler.DAT	Section:Regler_8	Key:Init
20.07.2009	09:52:22	progstart	XXXX	- Fehler Konfiguration lesen -	Datei:Regler.DAT	Section:Regler_9	Key:Init
20.07.2009	09:52:24	progstart	XXXX	Neue Regler.dat erstellt.
20.07.2009	09:54:26	autologin	XXXX	Ende Programm
20.07.2009	10:06:57	progstart	XXXX	Start Programm
20.07.2009	10:08:52	autologin	XXXX	Ende Programm
20.07.2009	10:11:56	progstart	XXXX	Start Programm
20.07.2009	10:21:49	autologin	XXXX	Ende Programm
20.07.2009	10:21:55	progstart	XXXX	Start Programm
20.07.2009	10:38:41	autologin	XXXX	Ende Programm
20.07.2009	10:40:30	progstart	XXXX	Start Programm
20.07.2009	10:42:05	autologin	XXXX	Ende Programm
20.07.2009	10:44:44	progstart	XXXX	Start Programm
20.07.2009	11:01:00	autologin	XXXX	Ende Programm
20.07.2009	11:01:23	progstart	XXXX	Start Programm
20.07.2009	11:46:47	autologin	XXXX	Ende Programm
20.07.2009	14:50:47	progstart	XXXX	Start Programm
20.07.2009	15:01:46	autologin	XXXX	Ende Programm
20.07.2009	15:03:43	progstart	XXXX	Start Programm
20.07.2009	15:25:30	autologin	XXXX	Ende Programm
20.07.2009	15:25:35	progstart	XXXX	Start Programm
20.07.2009	15:25:41	progstart	XXXX	Ende Programm
21.07.2009	08:59:48	progstart	XXXX	Start Programm
21.07.2009	09:00:26	progstart	XXXX	Ende Programm
21.07.2009	09:00:31	progstart	XXXX	Start Programm
21.07.2009	09:03:02	progstart	XXXX	Ende Programm
21.07.2009	14:55:51	progstart	XXXX	Start Programm
21.07.2009	14:55:58	progstart	XXXX	Ende Programm
30.07.2009	10:47:14	progstart	XXXX	Start Programm
30.07.2009	10:47:20	progstart	XXXX	Ende Programm
30.07.2009	11:11:04	progstart	XXXX	Start Programm
30.07.2009	18:33:06	autologin	XXXX	Ende Programm
31.07.2009	09:38:59	progstart	XXXX	Start Programm
31.07.2009	18:48:51	autologin	XXXX	Ende Programm
04.08.2009	09:15:44	progstart	XXXX	Start Programm
04.08.2009	17:40:22	autologin	XXXX	Ende Programm
05.08.2009	09:08:58	progstart	XXXX	Start Programm
05.08.2009	09:27:24	autologin	XXXX	Ende Programm
05.08.2009	10:22:11	progstart	XXXX	Start Programm
05.08.2009	19:13:32	autologin	XXXX	Ende Programm
06.08.2009	08:52:21	progstart	XXXX	Start Programm
06.08.2009	17:27:29	autologin	XXXX	Ende Programm
07.08.2009	08:48:43	progstart	XXXX	Start Programm
07.08.2009	11:31:45	autologin	XXXX	Ende Programm
07.08.2009	14:23:29	progstart	XXXX	Start Programm
07.08.2009	15:30:00	autologin	XXXX	Ende Programm
10.08.2009	10:28:49	progstart	XXXX	Start Programm
10.08.2009	17:59:46	autologin	XXXX	Ende Programm
12.08.2009	17:43:07	progstart	XXXX	Start Programm
12.08.2009	18:01:44	autologin	XXXX	Ende Programm
13.08.2009	09:30:25	progstart	XXXX	Start Programm
13.08.2009	10:48:33	autologin	XXXX	Ende Programm
02.09.2009	10:15:10	progstart	XXXX	Start Programm
02.09.2009	10:15:11	progstart	7801	Fehler Konfiguration lesen ### Key: I
02.09.2009	10:15:11	progstart	9999	ReglerDateiLesenSchreiben: Fehler beim Lesen
02.09.2009	10:15:11	progstart	6655	LFEDateiLesenSchreibenAlle: Fehler bei LFELesen
02.09.2009	10:15:11	progstart	9999	Fehler Regler Init (Application)
02.09.2009	10:15:21	progstart	XXXX	Ende Programm
02.09.2009	10:17:13	progstart	XXXX	Start Programm
02.09.2009	10:17:14	progstart	7801	Fehler Konfiguration lesen ### Key: I
02.09.2009	10:17:14	progstart	9999	ReglerDateiLesenSchreiben: Fehler beim Lesen
02.09.2009	10:17:14	progstart	6655	LFEDateiLesenSchreibenAlle: Fehler bei LFELesen
02.09.2009	10:17:14	progstart	9999	Fehler Regler Init (Application)
02.09.2009	10:17:17	progstart	XXXX	Ende Programm
02.09.2009	10:23:50	progstart	XXXX	Start Programm
02.09.2009	10:23:51	progstart	XXXX	Erstelle neue Regler.dat.
02.09.2009	10:24:04	progstart	XXXX	- Fehler Konfiguration lesen -	Datei:Regler.DAT	Section:Regler_2	Key:I
02.09.2009	10:24:07	progstart	XXXX	- Fehler Konfiguration lesen -	Datei:Regler.DAT	Section:Regler_2	Key:Fangbereich_K
02.09.2009	10:24:08	progstart	XXXX	- Fehler Konfiguration lesen -	Datei:Regler.DAT	Section:Regler_2	Key:Hysterese_K
02.09.2009	10:24:10	progstart	XXXX	- Fehler Konfiguration lesen -	Datei:Regler.DAT	Section:Regler_3	Key:I
02.09.2009	10:24:11	progstart	XXXX	- Fehler Konfiguration lesen -	Datei:Regler.DAT	Section:Regler_3	Key:Fangbereich_K
02.09.2009	10:24:11	progstart	XXXX	- Fehler Konfiguration lesen -	Datei:Regler.DAT	Section:Regler_3	Key:Hysterese_K
02.09.2009	10:24:12	progstart	XXXX	Neue Regler.dat erstellt.
02.09.2009	10:34:43		XXXX	Ende Programm
02.09.2009	10:34:46	progstart	XXXX	Start Programm
02.09.2009	10:36:16		XXXX	Ende Programm
02.09.2009	10:36:19	progstart	XXXX	Start Programm
02.09.2009	10:40:28	autologin	XXXX	Ende Programm
02.09.2009	10:53:29	progstart	XXXX	Start Programm
02.09.2009	10:56:43	Administrator	XXXX	Ende Programm
02.09.2009	11:20:39	progstart	XXXX	Start Programm
02.09.2009	11:25:04	Administrator	XXXX	Ende Programm
02.09.2009	11:36:58	progstart	XXXX	Start Programm
02.09.2009	12:00:34	Administrator	XXXX	Ende Programm
02.09.2009	12:37:41	progstart	XXXX	Start Programm
02.09.2009	17:09:25	autologin	XXXX	Ende Programm
04.09.2009	08:38:46	progstart	XXXX	Start Programm
04.09.2009	13:41:07	Administrator	XXXX	Ende Programm
04.09.2009	13:41:11	progstart	XXXX	Start Programm
04.09.2009	17:44:14	Administrator	XXXX	Ende Programm
11.09.2009	14:24:26	progstart	XXXX	Start Programm
11.09.2009	15:18:38	autologin	XXXX	Ende Programm
16.09.2009	11:05:49	progstart	XXXX	Start Programm
16.09.2009	17:10:18	autologin	XXXX	Ende Programm
16.09.2009	17:22:22	progstart	XXXX	Start Programm
16.09.2009	17:22:23	progstart	XXXX	Erstelle neue Regler.dat.
16.09.2009	17:22:33	progstart	XXXX	- Fehler Konfiguration lesen -	Datei:Regler.DAT	Section:Regler_4	Key:Wartezeit_Nachfüllen
16.09.2009	17:22:36	progstart	XXXX	- Fehler Konfiguration lesen -	Datei:Regler.DAT	Section:Regler_5	Key:Wartezeit_Nachfüllen
16.09.2009	17:22:37	progstart	XXXX	- Fehler Konfiguration lesen -	Datei:Regler.DAT	Section:Regler_7	Key:Klappe_Auto
16.09.2009	17:22:39	progstart	XXXX	Neue Regler.dat erstellt.
16.09.2009	17:34:28	autologin	XXXX	Ende Programm
17.09.2009	09:46:37	progstart	XXXX	Start Programm
17.09.2009	18:21:24	autologin	XXXX	Ende Programm
18.09.2009	17:31:09	progstart	XXXX	Start Programm
18.09.2009	17:31:38	autologin	XXXX	Ende Programm
18.09.2009	17:31:40	progstart	XXXX	Start Programm
18.09.2009	17:37:23	autologin	XXXX	Ende Programm
22.09.2009	13:45:50	progstart	XXXX	Start Programm
22.09.2009	18:50:15	autologin	XXXX	Ende Programm
22.09.2009	18:50:28	progstart	XXXX	Start Programm
22.09.2009	18:54:14	autologin	XXXX	Ende Programm
23.09.2009	09:34:34	progstart	XXXX	Start Programm
23.09.2009	10:29:12	Administrator	XXXX	Ende Programm
23.09.2009	10:33:27	progstart	XXXX	Start Programm
23.09.2009	10:39:28	Administrator	XXXX	Ende Programm
23.09.2009	11:51:22	progstart	XXXX	Start Programm
23.09.2009	16:03:18	autologin	XXXX	Ende Programm
23.09.2009	16:03:21	progstart	XXXX	Start Programm
18.11.2009	10:47:33	progstart	XXXX	Start Programm
18.11.2009	14:21:46	autologin	XXXX	Ende Programm
